<?xml version="1.0" encoding="UTF-8"?>
<coverage generated="1760529915238" clover="3.2.0">
  <project timestamp="1760529915238" name="All files">
    <metrics statements="248" coveredstatements="239" conditionals="230" coveredconditionals="219" methods="33" coveredmethods="32" elements="511" coveredelements="490" complexity="0" loc="248" ncloc="248" packages="1" files="4" classes="4"/>
    <file name="toLLM.ts" path="/home/runner/work/pojo-dump/pojo-dump/src/toLLM.ts">
      <metrics statements="70" coveredstatements="65" conditionals="66" coveredconditionals="59" methods="7" coveredmethods="7"/>
      <line num="14" count="2" type="stmt"/>
      <line num="15" count="2" type="stmt"/>
      <line num="16" count="2" type="cond" truecount="0" falsecount="1"/>
      <line num="17" count="45671" type="cond" truecount="3" falsecount="1"/>
      <line num="18" count="0" type="stmt"/>
      <line num="19" count="45671" type="cond" truecount="2" falsecount="0"/>
      <line num="20" count="24522" type="cond" truecount="1" falsecount="1"/>
      <line num="21" count="0" type="stmt"/>
      <line num="22" count="24522" type="cond" truecount="2" falsecount="0"/>
      <line num="23" count="16133" type="cond" truecount="2" falsecount="0"/>
      <line num="25" count="14867" type="stmt"/>
      <line num="27" count="21149" type="cond" truecount="3" falsecount="1"/>
      <line num="28" count="0" type="stmt"/>
      <line num="29" count="21149" type="stmt"/>
      <line num="30" count="21149" type="cond" truecount="1" falsecount="1"/>
      <line num="31" count="0" type="stmt"/>
      <line num="36" count="21149" type="stmt"/>
      <line num="37" count="68302" type="stmt"/>
      <line num="38" count="68302" type="cond" truecount="2" falsecount="0"/>
      <line num="40" count="21149" type="cond" truecount="2" falsecount="0"/>
      <line num="41" count="12252" type="stmt"/>
      <line num="42" count="8897" type="cond" truecount="2" falsecount="0"/>
      <line num="43" count="4181" type="stmt"/>
      <line num="44" count="4716" type="cond" truecount="2" falsecount="0"/>
      <line num="45" count="4710" type="stmt"/>
      <line num="46" count="6" type="stmt"/>
      <line num="48" count="2" type="cond" truecount="0" falsecount="1"/>
      <line num="49" count="257545" type="cond" truecount="2" falsecount="0"/>
      <line num="50" count="8953" type="stmt"/>
      <line num="51" count="248592" type="cond" truecount="2" falsecount="0"/>
      <line num="52" count="20656" type="stmt"/>
      <line num="53" count="227936" type="cond" truecount="2" falsecount="0"/>
      <line num="54" count="96571" type="stmt"/>
      <line num="55" count="131365" type="cond" truecount="2" falsecount="0"/>
      <line num="56" count="77386" type="stmt"/>
      <line num="57" count="53979" type="cond" truecount="2" falsecount="0"/>
      <line num="58" count="1" type="stmt"/>
      <line num="59" count="53978" type="cond" truecount="2" falsecount="0"/>
      <line num="60" count="1" type="stmt"/>
      <line num="61" count="53977" type="cond" truecount="2" falsecount="0"/>
      <line num="62" count="1" type="stmt"/>
      <line num="63" count="53976" type="cond" truecount="2" falsecount="0"/>
      <line num="64" count="1" type="stmt"/>
      <line num="65" count="53975" type="cond" truecount="2" falsecount="0"/>
      <line num="66" count="28986" type="cond" truecount="2" falsecount="0"/>
      <line num="67" count="4464" type="stmt"/>
      <line num="68" count="24522" type="cond" truecount="2" falsecount="0"/>
      <line num="69" count="6472" type="stmt"/>
      <line num="70" count="18050" type="stmt"/>
      <line num="71" count="142112" type="stmt"/>
      <line num="72" count="18050" type="cond" truecount="2" falsecount="0"/>
      <line num="74" count="24989" type="cond" truecount="2" falsecount="0"/>
      <line num="75" count="1" type="stmt"/>
      <line num="76" count="24988" type="cond" truecount="2" falsecount="0"/>
      <line num="77" count="1" type="stmt"/>
      <line num="78" count="24987" type="cond" truecount="3" falsecount="1"/>
      <line num="79" count="24987" type="stmt"/>
      <line num="80" count="24987" type="cond" truecount="2" falsecount="0"/>
      <line num="81" count="3838" type="stmt"/>
      <line num="82" count="21149" type="cond" truecount="2" falsecount="0"/>
      <line num="83" count="5581" type="stmt"/>
      <line num="84" count="15568" type="stmt"/>
      <line num="85" count="15568" type="stmt"/>
      <line num="86" count="115078" type="stmt"/>
      <line num="87" count="115078" type="stmt"/>
      <line num="88" count="115078" type="stmt"/>
      <line num="90" count="15568" type="cond" truecount="2" falsecount="0"/>
      <line num="92" count="0" type="stmt"/>
      <line num="104" count="355" type="stmt"/>
      <line num="105" count="2" type="stmt"/>
    </file>
    <file name="toLine.ts" path="/home/runner/work/pojo-dump/pojo-dump/src/toLine.ts">
      <metrics statements="49" coveredstatements="48" conditionals="49" coveredconditionals="49" methods="6" coveredmethods="6"/>
      <line num="2" count="2" type="stmt"/>
      <line num="3" count="2" type="stmt"/>
      <line num="4" count="2" type="stmt"/>
      <line num="5" count="11" type="stmt"/>
      <line num="10" count="79" type="stmt"/>
      <line num="16" count="2" type="cond" truecount="1" falsecount="0"/>
      <line num="17" count="860" type="cond" truecount="4" falsecount="0"/>
      <line num="19" count="5" type="stmt"/>
      <line num="21" count="2" type="stmt"/>
      <line num="23" count="6" type="stmt"/>
      <line num="25" count="5" type="stmt"/>
      <line num="27" count="842" type="cond" truecount="6" falsecount="0"/>
      <line num="30" count="42" type="cond" truecount="4" falsecount="0"/>
      <line num="33" count="42" type="cond" truecount="4" falsecount="0"/>
      <line num="34" count="3" type="stmt"/>
      <line num="35" count="39" type="stmt"/>
      <line num="38" count="721" type="cond" truecount="2" falsecount="0"/>
      <line num="39" count="1" type="stmt"/>
      <line num="40" count="720" type="stmt"/>
      <line num="41" count="720" type="stmt"/>
      <line num="44" count="1018" type="cond" truecount="2" falsecount="0"/>
      <line num="45" count="6" type="stmt"/>
      <line num="46" count="1012" type="cond" truecount="2" falsecount="0"/>
      <line num="47" count="283" type="stmt"/>
      <line num="48" count="729" type="cond" truecount="4" falsecount="0"/>
      <line num="49" count="4" type="stmt"/>
      <line num="50" count="725" type="stmt"/>
      <line num="55" count="71" type="cond" truecount="2" falsecount="0"/>
      <line num="56" count="37" type="cond" truecount="2" falsecount="0"/>
      <line num="57" count="73" type="stmt"/>
      <line num="59" count="34" type="cond" truecount="2" falsecount="0"/>
      <line num="60" count="1" type="stmt"/>
      <line num="61" count="33" type="cond" truecount="2" falsecount="0"/>
      <line num="62" count="9" type="stmt"/>
      <line num="63" count="24" type="cond" truecount="2" falsecount="0"/>
      <line num="64" count="1" type="stmt"/>
      <line num="65" count="23" type="cond" truecount="2" falsecount="0"/>
      <line num="66" count="2" type="stmt"/>
      <line num="67" count="21" type="cond" truecount="2" falsecount="0"/>
      <line num="68" count="3" type="stmt"/>
      <line num="69" count="18" type="stmt"/>
      <line num="70" count="18" type="cond" truecount="2" falsecount="0"/>
      <line num="71" count="1" type="stmt"/>
      <line num="72" count="17" type="stmt"/>
      <line num="73" count="19" type="stmt"/>
      <line num="77" count="6" type="stmt"/>
      <line num="80" count="2" type="stmt"/>
      <line num="83" count="0" type="stmt"/>
      <line num="85" count="2" type="stmt"/>
    </file>
    <file name="toTree.ts" path="/home/runner/work/pojo-dump/pojo-dump/src/toTree.ts">
      <metrics statements="125" coveredstatements="122" conditionals="115" coveredconditionals="111" methods="19" coveredmethods="18"/>
      <line num="2" count="1" type="stmt"/>
      <line num="3" count="1" type="stmt"/>
      <line num="4" count="1" type="stmt"/>
      <line num="5" count="1" type="stmt"/>
      <line num="6" count="1" type="stmt"/>
      <line num="7" count="689" type="cond" truecount="2" falsecount="0"/>
      <line num="8" count="1" type="stmt"/>
      <line num="9" count="455" type="cond" truecount="2" falsecount="0"/>
      <line num="10" count="383" type="stmt"/>
      <line num="11" count="72" type="stmt"/>
      <line num="13" count="1" type="stmt"/>
      <line num="14" count="65" type="cond" truecount="2" falsecount="0"/>
      <line num="15" count="61" type="stmt"/>
      <line num="16" count="4" type="cond" truecount="1" falsecount="1"/>
      <line num="17" count="0" type="stmt"/>
      <line num="18" count="4" type="cond" truecount="5" falsecount="0"/>
      <line num="19" count="2" type="cond" truecount="4" falsecount="0"/>
      <line num="20" count="1" type="stmt"/>
      <line num="21" count="1" type="cond" truecount="2" falsecount="0"/>
      <line num="23" count="2" type="stmt"/>
      <line num="25" count="1" type="stmt"/>
      <line num="26" count="617" type="cond" truecount="2" falsecount="0"/>
      <line num="27" count="349" type="stmt"/>
      <line num="28" count="268" type="cond" truecount="2" falsecount="0"/>
      <line num="29" count="42" type="stmt"/>
      <line num="30" count="42" type="cond" truecount="2" falsecount="0"/>
      <line num="31" count="1" type="stmt"/>
      <line num="32" count="41" type="cond" truecount="2" falsecount="0"/>
      <line num="33" count="37" type="stmt"/>
      <line num="34" count="65" type="cond" truecount="2" falsecount="0"/>
      <line num="35" count="3" type="stmt"/>
      <line num="36" count="34" type="stmt"/>
      <line num="39" count="226" type="cond" truecount="3" falsecount="1"/>
      <line num="40" count="226" type="cond" truecount="4" falsecount="0"/>
      <line num="41" count="11" type="stmt"/>
      <line num="42" count="215" type="stmt"/>
      <line num="43" count="215" type="stmt"/>
      <line num="44" count="215" type="cond" truecount="2" falsecount="0"/>
      <line num="45" count="1" type="stmt"/>
      <line num="46" count="214" type="cond" truecount="2" falsecount="0"/>
      <line num="47" count="133" type="stmt"/>
      <line num="48" count="195" type="cond" truecount="1" falsecount="1"/>
      <line num="49" count="0" type="stmt"/>
      <line num="50" count="195" type="cond" truecount="2" falsecount="0"/>
      <line num="51" count="117" type="stmt"/>
      <line num="53" count="16" type="stmt"/>
      <line num="56" count="85" type="stmt"/>
      <line num="58" count="521" type="stmt"/>
      <line num="59" count="1" type="stmt"/>
      <line num="60" count="736" type="stmt"/>
      <line num="61" count="736" type="cond" truecount="2" falsecount="0"/>
      <line num="62" count="587" type="stmt"/>
      <line num="63" count="149" type="stmt"/>
      <line num="64" count="149" type="stmt"/>
      <line num="65" count="149" type="stmt"/>
      <line num="66" count="465" type="stmt"/>
      <line num="67" count="465" type="cond" truecount="2" falsecount="0"/>
      <line num="68" count="465" type="stmt"/>
      <line num="70" count="149" type="stmt"/>
      <line num="72" count="1" type="stmt"/>
      <line num="73" count="408" type="cond" truecount="2" falsecount="0"/>
      <line num="74" count="320" type="stmt"/>
      <line num="75" count="320" type="stmt"/>
      <line num="76" count="320" type="stmt"/>
      <line num="77" count="642" type="stmt"/>
      <line num="78" count="642" type="stmt"/>
      <line num="79" count="642" type="cond" truecount="4" falsecount="0"/>
      <line num="80" count="11" type="stmt"/>
      <line num="81" count="11" type="stmt"/>
      <line num="83" count="631" type="stmt"/>
      <line num="84" count="631" type="cond" truecount="2" falsecount="0"/>
      <line num="86" count="320" type="stmt"/>
      <line num="87" count="320" type="stmt"/>
      <line num="89" count="88" type="stmt"/>
      <line num="91" count="1" type="stmt"/>
      <line num="92" count="529" type="cond" truecount="2" falsecount="0"/>
      <line num="93" count="529" type="cond" truecount="2" falsecount="0"/>
      <line num="94" count="529" type="stmt"/>
      <line num="95" count="529" type="cond" truecount="2" falsecount="0"/>
      <line num="96" count="529" type="stmt"/>
      <line num="97" count="529" type="cond" truecount="2" falsecount="0"/>
      <line num="98" count="529" type="cond" truecount="2" falsecount="0"/>
      <line num="101" count="529" type="cond" truecount="4" falsecount="0"/>
      <line num="102" count="5" type="stmt"/>
      <line num="107" count="529" type="stmt"/>
      <line num="117" count="1" type="cond" truecount="3" falsecount="0"/>
      <line num="118" count="258" type="cond" truecount="2" falsecount="0"/>
      <line num="119" count="14" type="cond" truecount="2" falsecount="0"/>
      <line num="120" count="1" type="stmt"/>
      <line num="121" count="13" type="stmt"/>
      <line num="122" count="86" type="stmt"/>
      <line num="123" count="86" type="stmt"/>
      <line num="124" count="86" type="stmt"/>
      <line num="125" count="86" type="cond" truecount="2" falsecount="0"/>
      <line num="128" count="244" type="cond" truecount="4" falsecount="0"/>
      <line num="129" count="236" type="cond" truecount="7" falsecount="0"/>
      <line num="134" count="10" type="stmt"/>
      <line num="135" count="226" type="cond" truecount="2" falsecount="0"/>
      <line num="136" count="5" type="stmt"/>
      <line num="138" count="5" type="stmt"/>
      <line num="139" count="21" type="stmt"/>
      <line num="142" count="221" type="cond" truecount="2" falsecount="0"/>
      <line num="143" count="3" type="stmt"/>
      <line num="146" count="3" type="stmt"/>
      <line num="147" count="3" type="cond" truecount="2" falsecount="0"/>
      <line num="148" count="1" type="stmt"/>
      <line num="149" count="2" type="cond" truecount="2" falsecount="0"/>
      <line num="150" count="1" type="stmt"/>
      <line num="151" count="1" type="stmt"/>
      <line num="153" count="1" type="stmt"/>
      <line num="157" count="218" type="cond" truecount="4" falsecount="0"/>
      <line num="158" count="2" type="stmt"/>
      <line num="159" count="2" type="stmt"/>
      <line num="160" count="2" type="stmt"/>
      <line num="161" count="2" type="stmt"/>
      <line num="162" count="2" type="cond" truecount="2" falsecount="0"/>
      <line num="164" count="216" type="stmt"/>
      <line num="165" count="216" type="cond" truecount="1" falsecount="1"/>
      <line num="166" count="0" type="stmt"/>
      <line num="167" count="216" type="stmt"/>
      <line num="168" count="508" type="cond" truecount="2" falsecount="0"/>
      <line num="170" count="8" type="stmt"/>
      <line num="172" count="1" type="stmt"/>
      <line num="173" count="1" type="stmt"/>
      <line num="174" count="1" type="stmt"/>
    </file>
    <file name="util.ts" path="/home/runner/work/pojo-dump/pojo-dump/src/util.ts">
      <metrics statements="4" coveredstatements="4" conditionals="0" coveredconditionals="0" methods="1" coveredmethods="1"/>
      <line num="2" count="2" type="stmt"/>
      <line num="3" count="2" type="stmt"/>
      <line num="5" count="1899" type="stmt"/>
      <line num="6" count="2" type="stmt"/>
    </file>
  </project>
</coverage>
