<?xml version="1.0" encoding="UTF-8"?>
<coverage generated="1753257883066" clover="3.2.0">
  <project timestamp="1753257883066" name="All files">
    <metrics statements="164" coveredstatements="159" conditionals="155" coveredconditionals="149" methods="26" coveredmethods="25" elements="345" coveredelements="333" complexity="0" loc="164" ncloc="164" packages="1" files="3" classes="3"/>
    <file name="toLine.ts" path="/home/runner/work/json-dump/json-dump/src/toLine.ts">
      <metrics statements="49" coveredstatements="48" conditionals="49" coveredconditionals="49" methods="6" coveredmethods="6"/>
      <line num="2" count="2" type="stmt"/>
      <line num="3" count="2" type="stmt"/>
      <line num="4" count="2" type="stmt"/>
      <line num="5" count="11" type="stmt"/>
      <line num="10" count="79" type="stmt"/>
      <line num="16" count="2" type="cond" truecount="1" falsecount="0"/>
      <line num="17" count="133" type="cond" truecount="4" falsecount="0"/>
      <line num="19" count="5" type="stmt"/>
      <line num="21" count="2" type="stmt"/>
      <line num="23" count="5" type="stmt"/>
      <line num="25" count="5" type="stmt"/>
      <line num="27" count="116" type="cond" truecount="6" falsecount="0"/>
      <line num="30" count="37" type="cond" truecount="4" falsecount="0"/>
      <line num="33" count="37" type="cond" truecount="4" falsecount="0"/>
      <line num="34" count="3" type="stmt"/>
      <line num="35" count="34" type="stmt"/>
      <line num="38" count="45" type="cond" truecount="2" falsecount="0"/>
      <line num="39" count="1" type="stmt"/>
      <line num="40" count="44" type="stmt"/>
      <line num="41" count="44" type="stmt"/>
      <line num="44" count="61" type="cond" truecount="2" falsecount="0"/>
      <line num="45" count="6" type="stmt"/>
      <line num="46" count="55" type="cond" truecount="2" falsecount="0"/>
      <line num="47" count="2" type="stmt"/>
      <line num="48" count="53" type="cond" truecount="4" falsecount="0"/>
      <line num="49" count="4" type="stmt"/>
      <line num="50" count="49" type="stmt"/>
      <line num="55" count="26" type="cond" truecount="2" falsecount="0"/>
      <line num="56" count="6" type="cond" truecount="2" falsecount="0"/>
      <line num="57" count="19" type="stmt"/>
      <line num="59" count="20" type="cond" truecount="2" falsecount="0"/>
      <line num="60" count="1" type="stmt"/>
      <line num="61" count="19" type="cond" truecount="2" falsecount="0"/>
      <line num="62" count="9" type="stmt"/>
      <line num="63" count="10" type="cond" truecount="2" falsecount="0"/>
      <line num="64" count="1" type="stmt"/>
      <line num="65" count="9" type="cond" truecount="2" falsecount="0"/>
      <line num="66" count="2" type="stmt"/>
      <line num="67" count="7" type="cond" truecount="2" falsecount="0"/>
      <line num="68" count="3" type="stmt"/>
      <line num="69" count="4" type="stmt"/>
      <line num="70" count="4" type="cond" truecount="2" falsecount="0"/>
      <line num="71" count="1" type="stmt"/>
      <line num="72" count="3" type="stmt"/>
      <line num="73" count="3" type="stmt"/>
      <line num="77" count="6" type="stmt"/>
      <line num="80" count="2" type="stmt"/>
      <line num="83" count="0" type="stmt"/>
      <line num="85" count="2" type="stmt"/>
    </file>
    <file name="toTree.ts" path="/home/runner/work/json-dump/json-dump/src/toTree.ts">
      <metrics statements="111" coveredstatements="107" conditionals="106" coveredconditionals="100" methods="19" coveredmethods="18"/>
      <line num="2" count="1" type="stmt"/>
      <line num="3" count="1" type="stmt"/>
      <line num="4" count="1" type="stmt"/>
      <line num="5" count="1" type="stmt"/>
      <line num="6" count="1" type="stmt"/>
      <line num="7" count="85" type="cond" truecount="2" falsecount="0"/>
      <line num="8" count="1" type="stmt"/>
      <line num="9" count="15" type="cond" truecount="2" falsecount="0"/>
      <line num="10" count="5" type="stmt"/>
      <line num="11" count="10" type="stmt"/>
      <line num="13" count="1" type="stmt"/>
      <line num="14" count="9" type="cond" truecount="2" falsecount="0"/>
      <line num="15" count="7" type="stmt"/>
      <line num="16" count="2" type="cond" truecount="1" falsecount="1"/>
      <line num="17" count="0" type="stmt"/>
      <line num="18" count="2" type="cond" truecount="4" falsecount="1"/>
      <line num="19" count="2" type="cond" truecount="4" falsecount="0"/>
      <line num="20" count="1" type="stmt"/>
      <line num="21" count="1" type="cond" truecount="2" falsecount="0"/>
      <line num="23" count="0" type="stmt"/>
      <line num="25" count="1" type="stmt"/>
      <line num="26" count="75" type="cond" truecount="2" falsecount="0"/>
      <line num="27" count="53" type="stmt"/>
      <line num="28" count="22" type="cond" truecount="2" falsecount="0"/>
      <line num="29" count="7" type="stmt"/>
      <line num="30" count="7" type="cond" truecount="2" falsecount="0"/>
      <line num="31" count="1" type="stmt"/>
      <line num="32" count="6" type="cond" truecount="2" falsecount="0"/>
      <line num="33" count="4" type="stmt"/>
      <line num="34" count="9" type="cond" truecount="2" falsecount="0"/>
      <line num="35" count="1" type="stmt"/>
      <line num="36" count="3" type="stmt"/>
      <line num="39" count="15" type="cond" truecount="3" falsecount="1"/>
      <line num="40" count="15" type="cond" truecount="4" falsecount="0"/>
      <line num="41" count="11" type="stmt"/>
      <line num="42" count="4" type="stmt"/>
      <line num="43" count="4" type="stmt"/>
      <line num="44" count="4" type="cond" truecount="2" falsecount="0"/>
      <line num="45" count="1" type="stmt"/>
      <line num="46" count="3" type="cond" truecount="1" falsecount="1"/>
      <line num="47" count="3" type="stmt"/>
      <line num="48" count="3" type="cond" truecount="1" falsecount="1"/>
      <line num="49" count="0" type="stmt"/>
      <line num="50" count="3" type="cond" truecount="2" falsecount="0"/>
      <line num="51" count="1" type="stmt"/>
      <line num="53" count="2" type="stmt"/>
      <line num="56" count="2" type="stmt"/>
      <line num="58" count="40" type="stmt"/>
      <line num="59" count="1" type="stmt"/>
      <line num="60" count="84" type="stmt"/>
      <line num="61" count="84" type="cond" truecount="2" falsecount="0"/>
      <line num="62" count="73" type="stmt"/>
      <line num="63" count="11" type="stmt"/>
      <line num="64" count="11" type="stmt"/>
      <line num="65" count="11" type="stmt"/>
      <line num="66" count="31" type="stmt"/>
      <line num="67" count="31" type="cond" truecount="2" falsecount="0"/>
      <line num="68" count="31" type="stmt"/>
      <line num="70" count="11" type="stmt"/>
      <line num="72" count="67" type="stmt"/>
      <line num="73" count="1" type="stmt"/>
      <line num="74" count="48" type="cond" truecount="2" falsecount="0"/>
      <line num="75" count="48" type="cond" truecount="2" falsecount="0"/>
      <line num="76" count="48" type="stmt"/>
      <line num="77" count="48" type="cond" truecount="2" falsecount="0"/>
      <line num="78" count="48" type="stmt"/>
      <line num="79" count="48" type="cond" truecount="2" falsecount="0"/>
      <line num="80" count="48" type="cond" truecount="2" falsecount="0"/>
      <line num="83" count="48" type="cond" truecount="4" falsecount="0"/>
      <line num="84" count="5" type="stmt"/>
      <line num="89" count="48" type="stmt"/>
      <line num="91" count="1" type="cond" truecount="2" falsecount="0"/>
      <line num="92" count="55" type="cond" truecount="2" falsecount="0"/>
      <line num="93" count="9" type="cond" truecount="2" falsecount="0"/>
      <line num="94" count="1" type="stmt"/>
      <line num="95" count="8" type="stmt"/>
      <line num="96" count="25" type="stmt"/>
      <line num="97" count="25" type="stmt"/>
      <line num="98" count="25" type="stmt"/>
      <line num="99" count="25" type="cond" truecount="2" falsecount="0"/>
      <line num="102" count="46" type="cond" truecount="4" falsecount="0"/>
      <line num="103" count="38" type="cond" truecount="7" falsecount="0"/>
      <line num="108" count="10" type="stmt"/>
      <line num="109" count="28" type="cond" truecount="2" falsecount="0"/>
      <line num="110" count="5" type="stmt"/>
      <line num="112" count="5" type="stmt"/>
      <line num="113" count="21" type="stmt"/>
      <line num="116" count="23" type="cond" truecount="2" falsecount="0"/>
      <line num="117" count="3" type="stmt"/>
      <line num="120" count="3" type="stmt"/>
      <line num="121" count="3" type="cond" truecount="2" falsecount="0"/>
      <line num="122" count="1" type="stmt"/>
      <line num="123" count="2" type="cond" truecount="2" falsecount="0"/>
      <line num="124" count="1" type="stmt"/>
      <line num="125" count="1" type="stmt"/>
      <line num="127" count="1" type="stmt"/>
      <line num="131" count="20" type="cond" truecount="4" falsecount="0"/>
      <line num="132" count="2" type="stmt"/>
      <line num="133" count="2" type="stmt"/>
      <line num="134" count="2" type="stmt"/>
      <line num="135" count="2" type="stmt"/>
      <line num="136" count="2" type="cond" truecount="2" falsecount="0"/>
      <line num="138" count="18" type="stmt"/>
      <line num="139" count="18" type="cond" truecount="1" falsecount="1"/>
      <line num="140" count="0" type="stmt"/>
      <line num="141" count="18" type="stmt"/>
      <line num="142" count="27" type="cond" truecount="2" falsecount="0"/>
      <line num="144" count="8" type="stmt"/>
      <line num="146" count="1" type="stmt"/>
      <line num="147" count="1" type="stmt"/>
      <line num="148" count="1" type="stmt"/>
    </file>
    <file name="util.ts" path="/home/runner/work/json-dump/json-dump/src/util.ts">
      <metrics statements="4" coveredstatements="4" conditionals="0" coveredconditionals="0" methods="1" coveredmethods="1"/>
      <line num="2" count="2" type="stmt"/>
      <line num="3" count="2" type="stmt"/>
      <line num="5" count="190" type="stmt"/>
      <line num="6" count="2" type="stmt"/>
    </file>
  </project>
</coverage>
