{"/home/runner/work/pojo-dump/pojo-dump/src/toLLM.ts": {"path":"/home/runner/work/pojo-dump/pojo-dump/src/toLLM.ts","statementMap":{"0":{"start":{"line":14,"column":0},"end":{"line":14,"column":62}},"1":{"start":{"line":15,"column":0},"end":{"line":15,"column":23}},"2":{"start":{"line":16,"column":21},"end":{"line":47,"column":1}},"3":{"start":{"line":17,"column":4},"end":{"line":18,"column":20}},"4":{"start":{"line":18,"column":8},"end":{"line":18,"column":20}},"5":{"start":{"line":19,"column":4},"end":{"line":26,"column":5}},"6":{"start":{"line":20,"column":8},"end":{"line":21,"column":24}},"7":{"start":{"line":21,"column":12},"end":{"line":21,"column":24}},"8":{"start":{"line":22,"column":8},"end":{"line":24,"column":9}},"9":{"start":{"line":23,"column":12},"end":{"line":23,"column":84}},"10":{"start":{"line":23,"column":41},"end":{"line":23,"column":82}},"11":{"start":{"line":25,"column":8},"end":{"line":25,"column":21}},"12":{"start":{"line":27,"column":4},"end":{"line":28,"column":20}},"13":{"start":{"line":28,"column":8},"end":{"line":28,"column":20}},"14":{"start":{"line":29,"column":17},"end":{"line":29,"column":35}},"15":{"start":{"line":30,"column":4},"end":{"line":31,"column":20}},"16":{"start":{"line":31,"column":8},"end":{"line":31,"column":20}},"17":{"start":{"line":36,"column":25},"end":{"line":39,"column":6}},"18":{"start":{"line":37,"column":20},"end":{"line":37,"column":30}},"19":{"start":{"line":38,"column":8},"end":{"line":38,"column":55}},"20":{"start":{"line":40,"column":4},"end":{"line":41,"column":21}},"21":{"start":{"line":41,"column":8},"end":{"line":41,"column":21}},"22":{"start":{"line":42,"column":4},"end":{"line":43,"column":20}},"23":{"start":{"line":43,"column":8},"end":{"line":43,"column":20}},"24":{"start":{"line":44,"column":4},"end":{"line":45,"column":32}},"25":{"start":{"line":45,"column":8},"end":{"line":45,"column":32}},"26":{"start":{"line":46,"column":4},"end":{"line":46,"column":28}},"27":{"start":{"line":48,"column":20},"end":{"line":93,"column":1}},"28":{"start":{"line":49,"column":4},"end":{"line":50,"column":22}},"29":{"start":{"line":50,"column":8},"end":{"line":50,"column":22}},"30":{"start":{"line":51,"column":4},"end":{"line":52,"column":29}},"31":{"start":{"line":52,"column":8},"end":{"line":52,"column":29}},"32":{"start":{"line":53,"column":4},"end":{"line":54,"column":29}},"33":{"start":{"line":54,"column":8},"end":{"line":54,"column":29}},"34":{"start":{"line":55,"column":4},"end":{"line":56,"column":37}},"35":{"start":{"line":56,"column":8},"end":{"line":56,"column":37}},"36":{"start":{"line":57,"column":4},"end":{"line":58,"column":22}},"37":{"start":{"line":58,"column":8},"end":{"line":58,"column":22}},"38":{"start":{"line":59,"column":4},"end":{"line":60,"column":45}},"39":{"start":{"line":60,"column":8},"end":{"line":60,"column":45}},"40":{"start":{"line":61,"column":4},"end":{"line":62,"column":45}},"41":{"start":{"line":62,"column":8},"end":{"line":62,"column":45}},"42":{"start":{"line":63,"column":4},"end":{"line":64,"column":45}},"43":{"start":{"line":64,"column":8},"end":{"line":64,"column":45}},"44":{"start":{"line":65,"column":4},"end":{"line":73,"column":5}},"45":{"start":{"line":66,"column":8},"end":{"line":67,"column":24}},"46":{"start":{"line":67,"column":12},"end":{"line":67,"column":24}},"47":{"start":{"line":68,"column":8},"end":{"line":69,"column":41}},"48":{"start":{"line":69,"column":12},"end":{"line":69,"column":41}},"49":{"start":{"line":70,"column":26},"end":{"line":70,"column":38}},"50":{"start":{"line":71,"column":22},"end":{"line":71,"column":85}},"51":{"start":{"line":71,"column":42},"end":{"line":71,"column":84}},"52":{"start":{"line":72,"column":8},"end":{"line":72,"column":123}},"53":{"start":{"line":74,"column":4},"end":{"line":75,"column":51}},"54":{"start":{"line":75,"column":8},"end":{"line":75,"column":51}},"55":{"start":{"line":76,"column":4},"end":{"line":77,"column":48}},"56":{"start":{"line":77,"column":8},"end":{"line":77,"column":48}},"57":{"start":{"line":78,"column":4},"end":{"line":91,"column":5}},"58":{"start":{"line":79,"column":21},"end":{"line":79,"column":39}},"59":{"start":{"line":80,"column":8},"end":{"line":81,"column":24}},"60":{"start":{"line":81,"column":12},"end":{"line":81,"column":24}},"61":{"start":{"line":82,"column":8},"end":{"line":83,"column":41}},"62":{"start":{"line":83,"column":12},"end":{"line":83,"column":41}},"63":{"start":{"line":84,"column":26},"end":{"line":84,"column":38}},"64":{"start":{"line":85,"column":22},"end":{"line":89,"column":10}},"65":{"start":{"line":86,"column":27},"end":{"line":86,"column":46}},"66":{"start":{"line":87,"column":27},"end":{"line":87,"column":76}},"67":{"start":{"line":88,"column":12},"end":{"line":88,"column":41}},"68":{"start":{"line":90,"column":8},"end":{"line":90,"column":123}},"69":{"start":{"line":92,"column":4},"end":{"line":92,"column":41}},"70":{"start":{"line":104,"column":14},"end":{"line":104,"column":55}},"71":{"start":{"line":104,"column":25},"end":{"line":104,"column":55}},"72":{"start":{"line":105,"column":0},"end":{"line":105,"column":22}}},"fnMap":{"0":{"name":"(anonymous_0)","decl":{"start":{"line":16,"column":21},"end":{"line":16,"column":22}},"loc":{"start":{"line":16,"column":50},"end":{"line":47,"column":1}},"line":16},"1":{"name":"(anonymous_1)","decl":{"start":{"line":23,"column":31},"end":{"line":23,"column":32}},"loc":{"start":{"line":23,"column":41},"end":{"line":23,"column":82}},"line":23},"2":{"name":"(anonymous_2)","decl":{"start":{"line":36,"column":36},"end":{"line":36,"column":37}},"loc":{"start":{"line":36,"column":45},"end":{"line":39,"column":5}},"line":36},"3":{"name":"(anonymous_3)","decl":{"start":{"line":48,"column":20},"end":{"line":48,"column":21}},"loc":{"start":{"line":48,"column":53},"end":{"line":93,"column":1}},"line":48},"4":{"name":"(anonymous_4)","decl":{"start":{"line":71,"column":32},"end":{"line":71,"column":33}},"loc":{"start":{"line":71,"column":42},"end":{"line":71,"column":84}},"line":71},"5":{"name":"(anonymous_5)","decl":{"start":{"line":85,"column":31},"end":{"line":85,"column":32}},"loc":{"start":{"line":85,"column":40},"end":{"line":89,"column":9}},"line":85},"6":{"name":"(anonymous_6)","decl":{"start":{"line":104,"column":14},"end":{"line":104,"column":15}},"loc":{"start":{"line":104,"column":25},"end":{"line":104,"column":55}},"line":104}},"branchMap":{"0":{"loc":{"start":{"line":16,"column":29},"end":{"line":16,"column":45}},"type":"default-arg","locations":[{"start":{"line":16,"column":39},"end":{"line":16,"column":45}}],"line":16},"1":{"loc":{"start":{"line":17,"column":4},"end":{"line":18,"column":20}},"type":"if","locations":[{"start":{"line":17,"column":4},"end":{"line":18,"column":20}},{"start":{},"end":{}}],"line":17},"2":{"loc":{"start":{"line":17,"column":8},"end":{"line":17,"column":51}},"type":"binary-expr","locations":[{"start":{"line":17,"column":8},"end":{"line":17,"column":22}},{"start":{"line":17,"column":26},"end":{"line":17,"column":51}}],"line":17},"3":{"loc":{"start":{"line":19,"column":4},"end":{"line":26,"column":5}},"type":"if","locations":[{"start":{"line":19,"column":4},"end":{"line":26,"column":5}},{"start":{},"end":{}}],"line":19},"4":{"loc":{"start":{"line":20,"column":8},"end":{"line":21,"column":24}},"type":"if","locations":[{"start":{"line":20,"column":8},"end":{"line":21,"column":24}},{"start":{},"end":{}}],"line":20},"5":{"loc":{"start":{"line":22,"column":8},"end":{"line":24,"column":9}},"type":"if","locations":[{"start":{"line":22,"column":8},"end":{"line":24,"column":9}},{"start":{},"end":{}}],"line":22},"6":{"loc":{"start":{"line":23,"column":41},"end":{"line":23,"column":82}},"type":"binary-expr","locations":[{"start":{"line":23,"column":41},"end":{"line":23,"column":65}},{"start":{"line":23,"column":69},"end":{"line":23,"column":82}}],"line":23},"7":{"loc":{"start":{"line":27,"column":4},"end":{"line":28,"column":20}},"type":"if","locations":[{"start":{"line":27,"column":4},"end":{"line":28,"column":20}},{"start":{},"end":{}}],"line":27},"8":{"loc":{"start":{"line":27,"column":8},"end":{"line":27,"column":56}},"type":"binary-expr","locations":[{"start":{"line":27,"column":8},"end":{"line":27,"column":29}},{"start":{"line":27,"column":33},"end":{"line":27,"column":56}}],"line":27},"9":{"loc":{"start":{"line":30,"column":4},"end":{"line":31,"column":20}},"type":"if","locations":[{"start":{"line":30,"column":4},"end":{"line":31,"column":20}},{"start":{},"end":{}}],"line":30},"10":{"loc":{"start":{"line":38,"column":15},"end":{"line":38,"column":54}},"type":"binary-expr","locations":[{"start":{"line":38,"column":15},"end":{"line":38,"column":38}},{"start":{"line":38,"column":42},"end":{"line":38,"column":54}}],"line":38},"11":{"loc":{"start":{"line":40,"column":4},"end":{"line":41,"column":21}},"type":"if","locations":[{"start":{"line":40,"column":4},"end":{"line":41,"column":21}},{"start":{},"end":{}}],"line":40},"12":{"loc":{"start":{"line":42,"column":4},"end":{"line":43,"column":20}},"type":"if","locations":[{"start":{"line":42,"column":4},"end":{"line":43,"column":20}},{"start":{},"end":{}}],"line":42},"13":{"loc":{"start":{"line":44,"column":4},"end":{"line":45,"column":32}},"type":"if","locations":[{"start":{"line":44,"column":4},"end":{"line":45,"column":32}},{"start":{},"end":{}}],"line":44},"14":{"loc":{"start":{"line":48,"column":28},"end":{"line":48,"column":39}},"type":"default-arg","locations":[{"start":{"line":48,"column":37},"end":{"line":48,"column":39}}],"line":48},"15":{"loc":{"start":{"line":49,"column":4},"end":{"line":50,"column":22}},"type":"if","locations":[{"start":{"line":49,"column":4},"end":{"line":50,"column":22}},{"start":{},"end":{}}],"line":49},"16":{"loc":{"start":{"line":51,"column":4},"end":{"line":52,"column":29}},"type":"if","locations":[{"start":{"line":51,"column":4},"end":{"line":52,"column":29}},{"start":{},"end":{}}],"line":51},"17":{"loc":{"start":{"line":53,"column":4},"end":{"line":54,"column":29}},"type":"if","locations":[{"start":{"line":53,"column":4},"end":{"line":54,"column":29}},{"start":{},"end":{}}],"line":53},"18":{"loc":{"start":{"line":55,"column":4},"end":{"line":56,"column":37}},"type":"if","locations":[{"start":{"line":55,"column":4},"end":{"line":56,"column":37}},{"start":{},"end":{}}],"line":55},"19":{"loc":{"start":{"line":57,"column":4},"end":{"line":58,"column":22}},"type":"if","locations":[{"start":{"line":57,"column":4},"end":{"line":58,"column":22}},{"start":{},"end":{}}],"line":57},"20":{"loc":{"start":{"line":59,"column":4},"end":{"line":60,"column":45}},"type":"if","locations":[{"start":{"line":59,"column":4},"end":{"line":60,"column":45}},{"start":{},"end":{}}],"line":59},"21":{"loc":{"start":{"line":61,"column":4},"end":{"line":62,"column":45}},"type":"if","locations":[{"start":{"line":61,"column":4},"end":{"line":62,"column":45}},{"start":{},"end":{}}],"line":61},"22":{"loc":{"start":{"line":63,"column":4},"end":{"line":64,"column":45}},"type":"if","locations":[{"start":{"line":63,"column":4},"end":{"line":64,"column":45}},{"start":{},"end":{}}],"line":63},"23":{"loc":{"start":{"line":65,"column":4},"end":{"line":73,"column":5}},"type":"if","locations":[{"start":{"line":65,"column":4},"end":{"line":73,"column":5}},{"start":{},"end":{}}],"line":65},"24":{"loc":{"start":{"line":66,"column":8},"end":{"line":67,"column":24}},"type":"if","locations":[{"start":{"line":66,"column":8},"end":{"line":67,"column":24}},{"start":{},"end":{}}],"line":66},"25":{"loc":{"start":{"line":68,"column":8},"end":{"line":69,"column":41}},"type":"if","locations":[{"start":{"line":68,"column":8},"end":{"line":69,"column":41}},{"start":{},"end":{}}],"line":68},"26":{"loc":{"start":{"line":72,"column":33},"end":{"line":72,"column":115}},"type":"cond-expr","locations":[{"start":{"line":72,"column":52},"end":{"line":72,"column":110}},{"start":{"line":72,"column":113},"end":{"line":72,"column":115}}],"line":72},"27":{"loc":{"start":{"line":74,"column":4},"end":{"line":75,"column":51}},"type":"if","locations":[{"start":{"line":74,"column":4},"end":{"line":75,"column":51}},{"start":{},"end":{}}],"line":74},"28":{"loc":{"start":{"line":76,"column":4},"end":{"line":77,"column":48}},"type":"if","locations":[{"start":{"line":76,"column":4},"end":{"line":77,"column":48}},{"start":{},"end":{}}],"line":76},"29":{"loc":{"start":{"line":78,"column":4},"end":{"line":91,"column":5}},"type":"if","locations":[{"start":{"line":78,"column":4},"end":{"line":91,"column":5}},{"start":{},"end":{}}],"line":78},"30":{"loc":{"start":{"line":78,"column":8},"end":{"line":78,"column":51}},"type":"binary-expr","locations":[{"start":{"line":78,"column":8},"end":{"line":78,"column":33}},{"start":{"line":78,"column":37},"end":{"line":78,"column":51}}],"line":78},"31":{"loc":{"start":{"line":80,"column":8},"end":{"line":81,"column":24}},"type":"if","locations":[{"start":{"line":80,"column":8},"end":{"line":81,"column":24}},{"start":{},"end":{}}],"line":80},"32":{"loc":{"start":{"line":82,"column":8},"end":{"line":83,"column":41}},"type":"if","locations":[{"start":{"line":82,"column":8},"end":{"line":83,"column":41}},{"start":{},"end":{}}],"line":82},"33":{"loc":{"start":{"line":90,"column":33},"end":{"line":90,"column":115}},"type":"cond-expr","locations":[{"start":{"line":90,"column":52},"end":{"line":90,"column":110}},{"start":{"line":90,"column":113},"end":{"line":90,"column":115}}],"line":90}},"s":{"0":2,"1":2,"2":2,"3":43457,"4":0,"5":43457,"6":21742,"7":0,"8":21742,"9":8707,"10":15137,"11":13035,"12":21715,"13":0,"14":21715,"15":21715,"16":0,"17":21715,"18":72406,"19":72406,"20":21715,"21":13237,"22":8478,"23":3600,"24":4878,"25":4872,"26":6,"27":2,"28":259647,"29":9913,"30":249734,"31":20098,"32":229636,"33":99477,"34":130159,"35":79641,"36":50518,"37":1,"38":50517,"39":1,"40":50516,"41":1,"42":50515,"43":1,"44":50514,"45":25742,"46":4000,"47":21742,"48":6522,"49":15220,"50":15220,"51":125538,"52":15220,"53":24772,"54":1,"55":24771,"56":1,"57":24770,"58":24770,"59":24770,"60":3055,"61":21715,"62":5061,"63":16654,"64":16654,"65":133754,"66":133754,"67":133754,"68":16654,"69":0,"70":2,"71":355,"72":2},"f":{"0":43457,"1":15137,"2":72406,"3":259647,"4":125538,"5":133754,"6":355},"b":{"0":[0],"1":[0,43457],"2":[43457,43457],"3":[21742,21715],"4":[0,21742],"5":[8707,13035],"6":[15137,2867],"7":[0,21715],"8":[21715,21715],"9":[0,21715],"10":[72406,15487],"11":[13237,8478],"12":[3600,4878],"13":[4872,6],"14":[0],"15":[9913,249734],"16":[20098,229636],"17":[99477,130159],"18":[79641,50518],"19":[1,50517],"20":[1,50516],"21":[1,50515],"22":[1,50514],"23":[25742,24772],"24":[4000,21742],"25":[6522,15220],"26":[14770,450],"27":[1,24771],"28":[1,24770],"29":[24770,0],"30":[24770,24770],"31":[3055,21715],"32":[5061,16654],"33":[16081,573]},"_coverageSchema":"1a1c01bbd47fc00a2c39e90264f33305004495a9","hash":"8409ae1aff37ed2a52c1620ad2f1e57b4a7149ba"}
,"/home/runner/work/pojo-dump/pojo-dump/src/toLine.ts": {"path":"/home/runner/work/pojo-dump/pojo-dump/src/toLine.ts","statementMap":{"0":{"start":{"line":2,"column":0},"end":{"line":2,"column":62}},"1":{"start":{"line":3,"column":0},"end":{"line":3,"column":24}},"2":{"start":{"line":4,"column":15},"end":{"line":4,"column":32}},"3":{"start":{"line":5,"column":25},"end":{"line":15,"column":15}},"4":{"start":{"line":5,"column":35},"end":{"line":15,"column":15}},"5":{"start":{"line":10,"column":27},"end":{"line":13,"column":55}},"6":{"start":{"line":16,"column":15},"end":{"line":84,"column":1}},"7":{"start":{"line":17,"column":4},"end":{"line":26,"column":5}},"8":{"start":{"line":19,"column":12},"end":{"line":19,"column":24}},"9":{"start":{"line":21,"column":12},"end":{"line":21,"column":24}},"10":{"start":{"line":23,"column":12},"end":{"line":23,"column":24}},"11":{"start":{"line":25,"column":12},"end":{"line":25,"column":24}},"12":{"start":{"line":27,"column":4},"end":{"line":82,"column":5}},"13":{"start":{"line":30,"column":30},"end":{"line":32,"column":99}},"14":{"start":{"line":33,"column":12},"end":{"line":34,"column":42}},"15":{"start":{"line":34,"column":16},"end":{"line":34,"column":42}},"16":{"start":{"line":35,"column":12},"end":{"line":35,"column":29}},"17":{"start":{"line":38,"column":12},"end":{"line":39,"column":28}},"18":{"start":{"line":39,"column":16},"end":{"line":39,"column":28}},"19":{"start":{"line":40,"column":26},"end":{"line":40,"column":64}},"20":{"start":{"line":41,"column":12},"end":{"line":52,"column":27}},"21":{"start":{"line":44,"column":16},"end":{"line":45,"column":31}},"22":{"start":{"line":45,"column":20},"end":{"line":45,"column":31}},"23":{"start":{"line":46,"column":16},"end":{"line":47,"column":31}},"24":{"start":{"line":47,"column":20},"end":{"line":47,"column":31}},"25":{"start":{"line":48,"column":16},"end":{"line":49,"column":84}},"26":{"start":{"line":49,"column":20},"end":{"line":49,"column":84}},"27":{"start":{"line":50,"column":16},"end":{"line":50,"column":103}},"28":{"start":{"line":55,"column":12},"end":{"line":58,"column":27}},"29":{"start":{"line":56,"column":16},"end":{"line":58,"column":27}},"30":{"start":{"line":57,"column":53},"end":{"line":57,"column":84}},"31":{"start":{"line":59,"column":12},"end":{"line":60,"column":133}},"32":{"start":{"line":60,"column":16},"end":{"line":60,"column":133}},"33":{"start":{"line":61,"column":12},"end":{"line":62,"column":72}},"34":{"start":{"line":62,"column":16},"end":{"line":62,"column":72}},"35":{"start":{"line":63,"column":12},"end":{"line":64,"column":79}},"36":{"start":{"line":64,"column":16},"end":{"line":64,"column":79}},"37":{"start":{"line":65,"column":12},"end":{"line":66,"column":58}},"38":{"start":{"line":66,"column":16},"end":{"line":66,"column":58}},"39":{"start":{"line":67,"column":12},"end":{"line":68,"column":34}},"40":{"start":{"line":68,"column":16},"end":{"line":68,"column":34}},"41":{"start":{"line":69,"column":25},"end":{"line":69,"column":43}},"42":{"start":{"line":70,"column":12},"end":{"line":71,"column":28}},"43":{"start":{"line":71,"column":16},"end":{"line":71,"column":28}},"44":{"start":{"line":72,"column":12},"end":{"line":74,"column":50}},"45":{"start":{"line":73,"column":28},"end":{"line":73,"column":118}},"46":{"start":{"line":77,"column":12},"end":{"line":77,"column":84}},"47":{"start":{"line":80,"column":12},"end":{"line":80,"column":50}},"48":{"start":{"line":83,"column":4},"end":{"line":83,"column":15}},"49":{"start":{"line":85,"column":0},"end":{"line":85,"column":24}}},"fnMap":{"0":{"name":"(anonymous_0)","decl":{"start":{"line":5,"column":25},"end":{"line":5,"column":26}},"loc":{"start":{"line":5,"column":35},"end":{"line":15,"column":15}},"line":5},"1":{"name":"(anonymous_1)","decl":{"start":{"line":10,"column":17},"end":{"line":10,"column":18}},"loc":{"start":{"line":10,"column":27},"end":{"line":13,"column":55}},"line":10},"2":{"name":"(anonymous_2)","decl":{"start":{"line":16,"column":15},"end":{"line":16,"column":16}},"loc":{"start":{"line":16,"column":41},"end":{"line":84,"column":1}},"line":16},"3":{"name":"(anonymous_3)","decl":{"start":{"line":43,"column":21},"end":{"line":43,"column":22}},"loc":{"start":{"line":43,"column":31},"end":{"line":51,"column":13}},"line":43},"4":{"name":"(anonymous_4)","decl":{"start":{"line":57,"column":46},"end":{"line":57,"column":47}},"loc":{"start":{"line":57,"column":53},"end":{"line":57,"column":84}},"line":57},"5":{"name":"(anonymous_5)","decl":{"start":{"line":73,"column":21},"end":{"line":73,"column":22}},"loc":{"start":{"line":73,"column":28},"end":{"line":73,"column":118}},"line":73}},"branchMap":{"0":{"loc":{"start":{"line":6,"column":5},"end":{"line":15,"column":14}},"type":"cond-expr","locations":[{"start":{"line":7,"column":10},"end":{"line":14,"column":26}},{"start":{"line":15,"column":10},"end":{"line":15,"column":14}}],"line":6},"1":{"loc":{"start":{"line":16,"column":23},"end":{"line":16,"column":36}},"type":"default-arg","locations":[{"start":{"line":16,"column":33},"end":{"line":16,"column":36}}],"line":16},"2":{"loc":{"start":{"line":17,"column":4},"end":{"line":26,"column":5}},"type":"switch","locations":[{"start":{"line":18,"column":8},"end":{"line":19,"column":24}},{"start":{"line":20,"column":8},"end":{"line":21,"column":24}},{"start":{"line":22,"column":8},"end":{"line":23,"column":24}},{"start":{"line":24,"column":8},"end":{"line":25,"column":24}}],"line":17},"3":{"loc":{"start":{"line":27,"column":4},"end":{"line":82,"column":5}},"type":"switch","locations":[{"start":{"line":28,"column":8},"end":{"line":28,"column":22}},{"start":{"line":29,"column":8},"end":{"line":36,"column":9}},{"start":{"line":37,"column":8},"end":{"line":53,"column":9}},{"start":{"line":54,"column":8},"end":{"line":75,"column":9}},{"start":{"line":76,"column":8},"end":{"line":78,"column":9}},{"start":{"line":79,"column":8},"end":{"line":81,"column":9}}],"line":27},"4":{"loc":{"start":{"line":30,"column":30},"end":{"line":32,"column":99}},"type":"cond-expr","locations":[{"start":{"line":31,"column":18},"end":{"line":31,"column":28}},{"start":{"line":32,"column":18},"end":{"line":32,"column":99}}],"line":30},"5":{"loc":{"start":{"line":30,"column":30},"end":{"line":30,"column":86}},"type":"binary-expr","locations":[{"start":{"line":30,"column":30},"end":{"line":30,"column":55}},{"start":{"line":30,"column":59},"end":{"line":30,"column":86}}],"line":30},"6":{"loc":{"start":{"line":32,"column":62},"end":{"line":32,"column":98}},"type":"cond-expr","locations":[{"start":{"line":32,"column":90},"end":{"line":32,"column":93}},{"start":{"line":32,"column":96},"end":{"line":32,"column":98}}],"line":32},"7":{"loc":{"start":{"line":33,"column":12},"end":{"line":34,"column":42}},"type":"if","locations":[{"start":{"line":33,"column":12},"end":{"line":34,"column":42}},{"start":{},"end":{}}],"line":33},"8":{"loc":{"start":{"line":33,"column":16},"end":{"line":33,"column":60}},"type":"binary-expr","locations":[{"start":{"line":33,"column":16},"end":{"line":33,"column":36}},{"start":{"line":33,"column":40},"end":{"line":33,"column":60}}],"line":33},"9":{"loc":{"start":{"line":38,"column":12},"end":{"line":39,"column":28}},"type":"if","locations":[{"start":{"line":38,"column":12},"end":{"line":39,"column":28}},{"start":{},"end":{}}],"line":38},"10":{"loc":{"start":{"line":44,"column":16},"end":{"line":45,"column":31}},"type":"if","locations":[{"start":{"line":44,"column":16},"end":{"line":45,"column":31}},{"start":{},"end":{}}],"line":44},"11":{"loc":{"start":{"line":46,"column":16},"end":{"line":47,"column":31}},"type":"if","locations":[{"start":{"line":46,"column":16},"end":{"line":47,"column":31}},{"start":{},"end":{}}],"line":46},"12":{"loc":{"start":{"line":48,"column":16},"end":{"line":49,"column":84}},"type":"if","locations":[{"start":{"line":48,"column":16},"end":{"line":49,"column":84}},{"start":{},"end":{}}],"line":48},"13":{"loc":{"start":{"line":48,"column":20},"end":{"line":48,"column":64}},"type":"binary-expr","locations":[{"start":{"line":48,"column":20},"end":{"line":48,"column":37}},{"start":{"line":48,"column":41},"end":{"line":48,"column":64}}],"line":48},"14":{"loc":{"start":{"line":55,"column":12},"end":{"line":58,"column":27}},"type":"if","locations":[{"start":{"line":55,"column":12},"end":{"line":58,"column":27}},{"start":{},"end":{}}],"line":55},"15":{"loc":{"start":{"line":56,"column":23},"end":{"line":58,"column":26}},"type":"cond-expr","locations":[{"start":{"line":57,"column":22},"end":{"line":57,"column":118}},{"start":{"line":58,"column":22},"end":{"line":58,"column":26}}],"line":56},"16":{"loc":{"start":{"line":59,"column":12},"end":{"line":60,"column":133}},"type":"if","locations":[{"start":{"line":59,"column":12},"end":{"line":60,"column":133}},{"start":{},"end":{}}],"line":59},"17":{"loc":{"start":{"line":61,"column":12},"end":{"line":62,"column":72}},"type":"if","locations":[{"start":{"line":61,"column":12},"end":{"line":62,"column":72}},{"start":{},"end":{}}],"line":61},"18":{"loc":{"start":{"line":63,"column":12},"end":{"line":64,"column":79}},"type":"if","locations":[{"start":{"line":63,"column":12},"end":{"line":64,"column":79}},{"start":{},"end":{}}],"line":63},"19":{"loc":{"start":{"line":65,"column":12},"end":{"line":66,"column":58}},"type":"if","locations":[{"start":{"line":65,"column":12},"end":{"line":66,"column":58}},{"start":{},"end":{}}],"line":65},"20":{"loc":{"start":{"line":67,"column":12},"end":{"line":68,"column":34}},"type":"if","locations":[{"start":{"line":67,"column":12},"end":{"line":68,"column":34}},{"start":{},"end":{}}],"line":67},"21":{"loc":{"start":{"line":70,"column":12},"end":{"line":71,"column":28}},"type":"if","locations":[{"start":{"line":70,"column":12},"end":{"line":71,"column":28}},{"start":{},"end":{}}],"line":70}},"s":{"0":2,"1":2,"2":2,"3":2,"4":11,"5":79,"6":2,"7":133,"8":5,"9":2,"10":5,"11":5,"12":116,"13":37,"14":37,"15":3,"16":34,"17":45,"18":1,"19":44,"20":44,"21":61,"22":6,"23":55,"24":2,"25":53,"26":4,"27":49,"28":26,"29":6,"30":19,"31":20,"32":1,"33":19,"34":9,"35":10,"36":1,"37":9,"38":2,"39":7,"40":3,"41":4,"42":4,"43":1,"44":3,"45":3,"46":6,"47":2,"48":0,"49":2},"f":{"0":11,"1":79,"2":133,"3":61,"4":19,"5":3},"b":{"0":[8,3],"1":[111],"2":[5,2,5,5],"3":[36,37,45,26,6,2],"4":[6,31],"5":[37,36],"6":[1,30],"7":[3,34],"8":[37,3],"9":[1,44],"10":[6,55],"11":[2,53],"12":[4,49],"13":[53,4],"14":[6,20],"15":[5,1],"16":[1,19],"17":[9,10],"18":[1,9],"19":[2,7],"20":[3,4],"21":[1,3]},"_coverageSchema":"1a1c01bbd47fc00a2c39e90264f33305004495a9","hash":"1b5bb10707f53b10e90d2c21e8b720956dfd5e7c"}
,"/home/runner/work/pojo-dump/pojo-dump/src/toTree.ts": {"path":"/home/runner/work/pojo-dump/pojo-dump/src/toTree.ts","statementMap":{"0":{"start":{"line":2,"column":0},"end":{"line":2,"column":62}},"1":{"start":{"line":3,"column":0},"end":{"line":3,"column":42}},"2":{"start":{"line":4,"column":20},"end":{"line":4,"column":54}},"3":{"start":{"line":5,"column":17},"end":{"line":5,"column":36}},"4":{"start":{"line":6,"column":15},"end":{"line":6,"column":32}},"5":{"start":{"line":7,"column":20},"end":{"line":7,"column":74}},"6":{"start":{"line":7,"column":31},"end":{"line":7,"column":74}},"7":{"start":{"line":8,"column":25},"end":{"line":12,"column":1}},"8":{"start":{"line":9,"column":4},"end":{"line":10,"column":33}},"9":{"start":{"line":10,"column":8},"end":{"line":10,"column":33}},"10":{"start":{"line":11,"column":4},"end":{"line":11,"column":30}},"11":{"start":{"line":13,"column":21},"end":{"line":24,"column":1}},"12":{"start":{"line":14,"column":4},"end":{"line":15,"column":20}},"13":{"start":{"line":15,"column":8},"end":{"line":15,"column":20}},"14":{"start":{"line":16,"column":4},"end":{"line":22,"column":5}},"15":{"start":{"line":17,"column":8},"end":{"line":17,"column":34}},"16":{"start":{"line":18,"column":9},"end":{"line":22,"column":5}},"17":{"start":{"line":19,"column":8},"end":{"line":20,"column":24}},"18":{"start":{"line":20,"column":12},"end":{"line":20,"column":24}},"19":{"start":{"line":21,"column":8},"end":{"line":21,"column":66}},"20":{"start":{"line":23,"column":4},"end":{"line":23,"column":17}},"21":{"start":{"line":25,"column":23},"end":{"line":57,"column":1}},"22":{"start":{"line":26,"column":4},"end":{"line":27,"column":20}},"23":{"start":{"line":27,"column":8},"end":{"line":27,"column":20}},"24":{"start":{"line":28,"column":4},"end":{"line":55,"column":5}},"25":{"start":{"line":29,"column":23},"end":{"line":29,"column":35}},"26":{"start":{"line":30,"column":8},"end":{"line":31,"column":24}},"27":{"start":{"line":31,"column":12},"end":{"line":31,"column":24}},"28":{"start":{"line":32,"column":8},"end":{"line":37,"column":9}},"29":{"start":{"line":33,"column":12},"end":{"line":35,"column":33}},"30":{"start":{"line":34,"column":16},"end":{"line":35,"column":33}},"31":{"start":{"line":35,"column":20},"end":{"line":35,"column":33}},"32":{"start":{"line":36,"column":12},"end":{"line":36,"column":24}},"33":{"start":{"line":39,"column":9},"end":{"line":55,"column":5}},"34":{"start":{"line":40,"column":8},"end":{"line":41,"column":25}},"35":{"start":{"line":41,"column":12},"end":{"line":41,"column":25}},"36":{"start":{"line":42,"column":21},"end":{"line":42,"column":39}},"37":{"start":{"line":43,"column":23},"end":{"line":43,"column":34}},"38":{"start":{"line":44,"column":8},"end":{"line":45,"column":24}},"39":{"start":{"line":45,"column":12},"end":{"line":45,"column":24}},"40":{"start":{"line":46,"column":8},"end":{"line":54,"column":9}},"41":{"start":{"line":47,"column":12},"end":{"line":52,"column":13}},"42":{"start":{"line":48,"column":16},"end":{"line":49,"column":33}},"43":{"start":{"line":49,"column":20},"end":{"line":49,"column":33}},"44":{"start":{"line":50,"column":16},"end":{"line":51,"column":33}},"45":{"start":{"line":51,"column":20},"end":{"line":51,"column":33}},"46":{"start":{"line":53,"column":12},"end":{"line":53,"column":24}},"47":{"start":{"line":56,"column":4},"end":{"line":56,"column":17}},"48":{"start":{"line":58,"column":23},"end":{"line":58,"column":56}},"49":{"start":{"line":58,"column":32},"end":{"line":58,"column":56}},"50":{"start":{"line":59,"column":13},"end":{"line":71,"column":1}},"51":{"start":{"line":60,"column":27},"end":{"line":60,"column":69}},"52":{"start":{"line":61,"column":4},"end":{"line":62,"column":20}},"53":{"start":{"line":62,"column":8},"end":{"line":62,"column":20}},"54":{"start":{"line":63,"column":16},"end":{"line":63,"column":18}},"55":{"start":{"line":64,"column":14},"end":{"line":64,"column":15}},"56":{"start":{"line":65,"column":4},"end":{"line":69,"column":5}},"57":{"start":{"line":66,"column":24},"end":{"line":66,"column":44}},"58":{"start":{"line":67,"column":8},"end":{"line":67,"column":72}},"59":{"start":{"line":68,"column":8},"end":{"line":68,"column":22}},"60":{"start":{"line":70,"column":4},"end":{"line":70,"column":17}},"61":{"start":{"line":72,"column":25},"end":{"line":72,"column":83}},"62":{"start":{"line":72,"column":41},"end":{"line":72,"column":83}},"63":{"start":{"line":73,"column":19},"end":{"line":90,"column":1}},"64":{"start":{"line":74,"column":25},"end":{"line":74,"column":78}},"65":{"start":{"line":75,"column":25},"end":{"line":75,"column":76}},"66":{"start":{"line":76,"column":31},"end":{"line":76,"column":50}},"67":{"start":{"line":77,"column":23},"end":{"line":77,"column":91}},"68":{"start":{"line":78,"column":20},"end":{"line":78,"column":39}},"69":{"start":{"line":79,"column":29},"end":{"line":79,"column":105}},"70":{"start":{"line":80,"column":25},"end":{"line":82,"column":43}},"71":{"start":{"line":83,"column":4},"end":{"line":88,"column":149}},"72":{"start":{"line":84,"column":8},"end":{"line":88,"column":149}},"73":{"start":{"line":89,"column":4},"end":{"line":89,"column":39}},"74":{"start":{"line":91,"column":15},"end":{"line":145,"column":1}},"75":{"start":{"line":92,"column":4},"end":{"line":143,"column":5}},"76":{"start":{"line":93,"column":8},"end":{"line":94,"column":24}},"77":{"start":{"line":94,"column":12},"end":{"line":94,"column":24}},"78":{"start":{"line":95,"column":8},"end":{"line":100,"column":36}},"79":{"start":{"line":96,"column":64},"end":{"line":100,"column":13}},"80":{"start":{"line":97,"column":32},"end":{"line":97,"column":49}},"81":{"start":{"line":98,"column":30},"end":{"line":98,"column":36}},"82":{"start":{"line":99,"column":16},"end":{"line":99,"column":178}},"83":{"start":{"line":102,"column":9},"end":{"line":143,"column":5}},"84":{"start":{"line":103,"column":8},"end":{"line":108,"column":62}},"85":{"start":{"line":108,"column":12},"end":{"line":108,"column":62}},"86":{"start":{"line":109,"column":8},"end":{"line":115,"column":9}},"87":{"start":{"line":110,"column":12},"end":{"line":114,"column":39}},"88":{"start":{"line":112,"column":29},"end":{"line":113,"column":132}},"89":{"start":{"line":113,"column":100},"end":{"line":113,"column":130}},"90":{"start":{"line":113,"column":109},"end":{"line":113,"column":130}},"91":{"start":{"line":116,"column":8},"end":{"line":130,"column":9}},"92":{"start":{"line":117,"column":12},"end":{"line":129,"column":39}},"93":{"start":{"line":120,"column":36},"end":{"line":120,"column":53}},"94":{"start":{"line":121,"column":24},"end":{"line":122,"column":44}},"95":{"start":{"line":122,"column":28},"end":{"line":122,"column":44}},"96":{"start":{"line":123,"column":24},"end":{"line":126,"column":25}},"97":{"start":{"line":124,"column":41},"end":{"line":124,"column":95}},"98":{"start":{"line":125,"column":28},"end":{"line":125,"column":55}},"99":{"start":{"line":127,"column":24},"end":{"line":127,"column":76}},"100":{"start":{"line":131,"column":8},"end":{"line":137,"column":9}},"101":{"start":{"line":132,"column":24},"end":{"line":132,"column":26}},"102":{"start":{"line":133,"column":12},"end":{"line":134,"column":38}},"103":{"start":{"line":134,"column":16},"end":{"line":134,"column":38}},"104":{"start":{"line":135,"column":25},"end":{"line":135,"column":55}},"105":{"start":{"line":136,"column":12},"end":{"line":136,"column":132}},"106":{"start":{"line":136,"column":70},"end":{"line":136,"column":110}},"107":{"start":{"line":138,"column":21},"end":{"line":138,"column":39}},"108":{"start":{"line":139,"column":8},"end":{"line":140,"column":47}},"109":{"start":{"line":140,"column":12},"end":{"line":140,"column":47}},"110":{"start":{"line":141,"column":8},"end":{"line":142,"column":120}},"111":{"start":{"line":142,"column":60},"end":{"line":142,"column":97}},"112":{"start":{"line":142,"column":69},"end":{"line":142,"column":97}},"113":{"start":{"line":144,"column":4},"end":{"line":144,"column":40}},"114":{"start":{"line":146,"column":0},"end":{"line":146,"column":24}},"115":{"start":{"line":147,"column":16},"end":{"line":147,"column":92}},"116":{"start":{"line":147,"column":40},"end":{"line":147,"column":92}},"117":{"start":{"line":148,"column":0},"end":{"line":148,"column":26}}},"fnMap":{"0":{"name":"(anonymous_0)","decl":{"start":{"line":7,"column":20},"end":{"line":7,"column":21}},"loc":{"start":{"line":7,"column":31},"end":{"line":7,"column":74}},"line":7},"1":{"name":"(anonymous_1)","decl":{"start":{"line":8,"column":25},"end":{"line":8,"column":26}},"loc":{"start":{"line":8,"column":36},"end":{"line":12,"column":1}},"line":8},"2":{"name":"(anonymous_2)","decl":{"start":{"line":13,"column":21},"end":{"line":13,"column":22}},"loc":{"start":{"line":13,"column":32},"end":{"line":24,"column":1}},"line":13},"3":{"name":"(anonymous_3)","decl":{"start":{"line":25,"column":23},"end":{"line":25,"column":24}},"loc":{"start":{"line":25,"column":34},"end":{"line":57,"column":1}},"line":25},"4":{"name":"(anonymous_4)","decl":{"start":{"line":58,"column":23},"end":{"line":58,"column":24}},"loc":{"start":{"line":58,"column":32},"end":{"line":58,"column":56}},"line":58},"5":{"name":"(anonymous_5)","decl":{"start":{"line":59,"column":13},"end":{"line":59,"column":14}},"loc":{"start":{"line":59,"column":45},"end":{"line":71,"column":1}},"line":59},"6":{"name":"(anonymous_6)","decl":{"start":{"line":72,"column":25},"end":{"line":72,"column":26}},"loc":{"start":{"line":72,"column":41},"end":{"line":72,"column":83}},"line":72},"7":{"name":"(anonymous_7)","decl":{"start":{"line":73,"column":19},"end":{"line":73,"column":20}},"loc":{"start":{"line":73,"column":38},"end":{"line":90,"column":1}},"line":73},"8":{"name":"(anonymous_8)","decl":{"start":{"line":91,"column":15},"end":{"line":91,"column":16}},"loc":{"start":{"line":91,"column":64},"end":{"line":145,"column":1}},"line":91},"9":{"name":"(anonymous_9)","decl":{"start":{"line":96,"column":54},"end":{"line":96,"column":55}},"loc":{"start":{"line":96,"column":64},"end":{"line":100,"column":13}},"line":96},"10":{"name":"(anonymous_10)","decl":{"start":{"line":96,"column":64},"end":{"line":96,"column":65}},"loc":{"start":{"line":96,"column":73},"end":{"line":100,"column":13}},"line":96},"11":{"name":"(anonymous_11)","decl":{"start":{"line":112,"column":20},"end":{"line":112,"column":21}},"loc":{"start":{"line":112,"column":29},"end":{"line":113,"column":132}},"line":112},"12":{"name":"(anonymous_12)","decl":{"start":{"line":113,"column":88},"end":{"line":113,"column":89}},"loc":{"start":{"line":113,"column":100},"end":{"line":113,"column":130}},"line":113},"13":{"name":"(anonymous_13)","decl":{"start":{"line":113,"column":100},"end":{"line":113,"column":101}},"loc":{"start":{"line":113,"column":109},"end":{"line":113,"column":130}},"line":113},"14":{"name":"(anonymous_14)","decl":{"start":{"line":119,"column":20},"end":{"line":119,"column":21}},"loc":{"start":{"line":119,"column":29},"end":{"line":128,"column":21}},"line":119},"15":{"name":"(anonymous_15)","decl":{"start":{"line":136,"column":61},"end":{"line":136,"column":62}},"loc":{"start":{"line":136,"column":70},"end":{"line":136,"column":110}},"line":136},"16":{"name":"(anonymous_16)","decl":{"start":{"line":142,"column":53},"end":{"line":142,"column":54}},"loc":{"start":{"line":142,"column":60},"end":{"line":142,"column":97}},"line":142},"17":{"name":"(anonymous_17)","decl":{"start":{"line":142,"column":60},"end":{"line":142,"column":61}},"loc":{"start":{"line":142,"column":69},"end":{"line":142,"column":97}},"line":142},"18":{"name":"(anonymous_18)","decl":{"start":{"line":147,"column":16},"end":{"line":147,"column":17}},"loc":{"start":{"line":147,"column":40},"end":{"line":147,"column":92}},"line":147}},"branchMap":{"0":{"loc":{"start":{"line":7,"column":31},"end":{"line":7,"column":74}},"type":"binary-expr","locations":[{"start":{"line":7,"column":31},"end":{"line":7,"column":56}},{"start":{"line":7,"column":60},"end":{"line":7,"column":74}}],"line":7},"1":{"loc":{"start":{"line":9,"column":4},"end":{"line":10,"column":33}},"type":"if","locations":[{"start":{"line":9,"column":4},"end":{"line":10,"column":33}},{"start":{},"end":{}}],"line":9},"2":{"loc":{"start":{"line":14,"column":4},"end":{"line":15,"column":20}},"type":"if","locations":[{"start":{"line":14,"column":4},"end":{"line":15,"column":20}},{"start":{},"end":{}}],"line":14},"3":{"loc":{"start":{"line":16,"column":4},"end":{"line":22,"column":5}},"type":"if","locations":[{"start":{"line":16,"column":4},"end":{"line":22,"column":5}},{"start":{"line":18,"column":9},"end":{"line":22,"column":5}}],"line":16},"4":{"loc":{"start":{"line":18,"column":9},"end":{"line":22,"column":5}},"type":"if","locations":[{"start":{"line":18,"column":9},"end":{"line":22,"column":5}},{"start":{},"end":{}}],"line":18},"5":{"loc":{"start":{"line":18,"column":13},"end":{"line":18,"column":82}},"type":"binary-expr","locations":[{"start":{"line":18,"column":13},"end":{"line":18,"column":18}},{"start":{"line":18,"column":22},"end":{"line":18,"column":47}},{"start":{"line":18,"column":51},"end":{"line":18,"column":82}}],"line":18},"6":{"loc":{"start":{"line":19,"column":8},"end":{"line":20,"column":24}},"type":"if","locations":[{"start":{"line":19,"column":8},"end":{"line":20,"column":24}},{"start":{},"end":{}}],"line":19},"7":{"loc":{"start":{"line":19,"column":12},"end":{"line":19,"column":60}},"type":"binary-expr","locations":[{"start":{"line":19,"column":12},"end":{"line":19,"column":33}},{"start":{"line":19,"column":37},"end":{"line":19,"column":60}}],"line":19},"8":{"loc":{"start":{"line":21,"column":15},"end":{"line":21,"column":65}},"type":"binary-expr","locations":[{"start":{"line":21,"column":15},"end":{"line":21,"column":33}},{"start":{"line":21,"column":37},"end":{"line":21,"column":65}}],"line":21},"9":{"loc":{"start":{"line":26,"column":4},"end":{"line":27,"column":20}},"type":"if","locations":[{"start":{"line":26,"column":4},"end":{"line":27,"column":20}},{"start":{},"end":{}}],"line":26},"10":{"loc":{"start":{"line":28,"column":4},"end":{"line":55,"column":5}},"type":"if","locations":[{"start":{"line":28,"column":4},"end":{"line":55,"column":5}},{"start":{"line":39,"column":9},"end":{"line":55,"column":5}}],"line":28},"11":{"loc":{"start":{"line":30,"column":8},"end":{"line":31,"column":24}},"type":"if","locations":[{"start":{"line":30,"column":8},"end":{"line":31,"column":24}},{"start":{},"end":{}}],"line":30},"12":{"loc":{"start":{"line":32,"column":8},"end":{"line":37,"column":9}},"type":"if","locations":[{"start":{"line":32,"column":8},"end":{"line":37,"column":9}},{"start":{},"end":{}}],"line":32},"13":{"loc":{"start":{"line":34,"column":16},"end":{"line":35,"column":33}},"type":"if","locations":[{"start":{"line":34,"column":16},"end":{"line":35,"column":33}},{"start":{},"end":{}}],"line":34},"14":{"loc":{"start":{"line":39,"column":9},"end":{"line":55,"column":5}},"type":"if","locations":[{"start":{"line":39,"column":9},"end":{"line":55,"column":5}},{"start":{},"end":{}}],"line":39},"15":{"loc":{"start":{"line":39,"column":13},"end":{"line":39,"column":47}},"type":"binary-expr","locations":[{"start":{"line":39,"column":13},"end":{"line":39,"column":18}},{"start":{"line":39,"column":22},"end":{"line":39,"column":47}}],"line":39},"16":{"loc":{"start":{"line":40,"column":8},"end":{"line":41,"column":25}},"type":"if","locations":[{"start":{"line":40,"column":8},"end":{"line":41,"column":25}},{"start":{},"end":{}}],"line":40},"17":{"loc":{"start":{"line":40,"column":12},"end":{"line":40,"column":62}},"type":"binary-expr","locations":[{"start":{"line":40,"column":12},"end":{"line":40,"column":30}},{"start":{"line":40,"column":34},"end":{"line":40,"column":62}}],"line":40},"18":{"loc":{"start":{"line":44,"column":8},"end":{"line":45,"column":24}},"type":"if","locations":[{"start":{"line":44,"column":8},"end":{"line":45,"column":24}},{"start":{},"end":{}}],"line":44},"19":{"loc":{"start":{"line":46,"column":8},"end":{"line":54,"column":9}},"type":"if","locations":[{"start":{"line":46,"column":8},"end":{"line":54,"column":9}},{"start":{},"end":{}}],"line":46},"20":{"loc":{"start":{"line":48,"column":16},"end":{"line":49,"column":33}},"type":"if","locations":[{"start":{"line":48,"column":16},"end":{"line":49,"column":33}},{"start":{},"end":{}}],"line":48},"21":{"loc":{"start":{"line":50,"column":16},"end":{"line":51,"column":33}},"type":"if","locations":[{"start":{"line":50,"column":16},"end":{"line":51,"column":33}},{"start":{},"end":{}}],"line":50},"22":{"loc":{"start":{"line":61,"column":4},"end":{"line":62,"column":20}},"type":"if","locations":[{"start":{"line":61,"column":4},"end":{"line":62,"column":20}},{"start":{},"end":{}}],"line":61},"23":{"loc":{"start":{"line":67,"column":18},"end":{"line":67,"column":43}},"type":"cond-expr","locations":[{"start":{"line":67,"column":26},"end":{"line":67,"column":38}},{"start":{"line":67,"column":41},"end":{"line":67,"column":43}}],"line":67},"24":{"loc":{"start":{"line":74,"column":25},"end":{"line":74,"column":78}},"type":"cond-expr","locations":[{"start":{"line":74,"column":51},"end":{"line":74,"column":71}},{"start":{"line":74,"column":74},"end":{"line":74,"column":78}}],"line":74},"25":{"loc":{"start":{"line":75,"column":25},"end":{"line":75,"column":76}},"type":"cond-expr","locations":[{"start":{"line":75,"column":40},"end":{"line":75,"column":65}},{"start":{"line":75,"column":68},"end":{"line":75,"column":76}}],"line":75},"26":{"loc":{"start":{"line":77,"column":23},"end":{"line":77,"column":91}},"type":"cond-expr","locations":[{"start":{"line":77,"column":49},"end":{"line":77,"column":76}},{"start":{"line":77,"column":79},"end":{"line":77,"column":91}}],"line":77},"27":{"loc":{"start":{"line":79,"column":29},"end":{"line":79,"column":105}},"type":"cond-expr","locations":[{"start":{"line":79,"column":55},"end":{"line":79,"column":84}},{"start":{"line":79,"column":87},"end":{"line":79,"column":105}}],"line":79},"28":{"loc":{"start":{"line":80,"column":25},"end":{"line":82,"column":43}},"type":"cond-expr","locations":[{"start":{"line":81,"column":10},"end":{"line":81,"column":110}},{"start":{"line":82,"column":10},"end":{"line":82,"column":43}}],"line":80},"29":{"loc":{"start":{"line":83,"column":4},"end":{"line":88,"column":149}},"type":"if","locations":[{"start":{"line":83,"column":4},"end":{"line":88,"column":149}},{"start":{},"end":{}}],"line":83},"30":{"loc":{"start":{"line":83,"column":8},"end":{"line":83,"column":46}},"type":"binary-expr","locations":[{"start":{"line":83,"column":8},"end":{"line":83,"column":16}},{"start":{"line":83,"column":20},"end":{"line":83,"column":46}}],"line":83},"31":{"loc":{"start":{"line":91,"column":23},"end":{"line":91,"column":31}},"type":"default-arg","locations":[{"start":{"line":91,"column":29},"end":{"line":91,"column":31}}],"line":91},"32":{"loc":{"start":{"line":91,"column":33},"end":{"line":91,"column":47}},"type":"default-arg","locations":[{"start":{"line":91,"column":42},"end":{"line":91,"column":47}}],"line":91},"33":{"loc":{"start":{"line":92,"column":4},"end":{"line":143,"column":5}},"type":"if","locations":[{"start":{"line":92,"column":4},"end":{"line":143,"column":5}},{"start":{"line":102,"column":9},"end":{"line":143,"column":5}}],"line":92},"34":{"loc":{"start":{"line":93,"column":8},"end":{"line":94,"column":24}},"type":"if","locations":[{"start":{"line":93,"column":8},"end":{"line":94,"column":24}},{"start":{},"end":{}}],"line":93},"35":{"loc":{"start":{"line":99,"column":36},"end":{"line":99,"column":175}},"type":"cond-expr","locations":[{"start":{"line":99,"column":46},"end":{"line":99,"column":135}},{"start":{"line":99,"column":138},"end":{"line":99,"column":175}}],"line":99},"36":{"loc":{"start":{"line":100,"column":22},"end":{"line":100,"column":33}},"type":"cond-expr","locations":[{"start":{"line":100,"column":28},"end":{"line":100,"column":29}},{"start":{"line":100,"column":32},"end":{"line":100,"column":33}}],"line":100},"37":{"loc":{"start":{"line":102,"column":9},"end":{"line":143,"column":5}},"type":"if","locations":[{"start":{"line":102,"column":9},"end":{"line":143,"column":5}},{"start":{},"end":{}}],"line":102},"38":{"loc":{"start":{"line":102,"column":13},"end":{"line":102,"column":47}},"type":"binary-expr","locations":[{"start":{"line":102,"column":13},"end":{"line":102,"column":18}},{"start":{"line":102,"column":22},"end":{"line":102,"column":47}}],"line":102},"39":{"loc":{"start":{"line":103,"column":8},"end":{"line":108,"column":62}},"type":"if","locations":[{"start":{"line":103,"column":8},"end":{"line":108,"column":62}},{"start":{},"end":{}}],"line":103},"40":{"loc":{"start":{"line":103,"column":12},"end":{"line":107,"column":37}},"type":"binary-expr","locations":[{"start":{"line":103,"column":12},"end":{"line":103,"column":33}},{"start":{"line":104,"column":12},"end":{"line":104,"column":35}},{"start":{"line":105,"column":12},"end":{"line":105,"column":37}},{"start":{"line":106,"column":12},"end":{"line":106,"column":40}},{"start":{"line":107,"column":12},"end":{"line":107,"column":37}}],"line":103},"41":{"loc":{"start":{"line":109,"column":8},"end":{"line":115,"column":9}},"type":"if","locations":[{"start":{"line":109,"column":8},"end":{"line":115,"column":9}},{"start":{},"end":{}}],"line":109},"42":{"loc":{"start":{"line":114,"column":25},"end":{"line":114,"column":36}},"type":"cond-expr","locations":[{"start":{"line":114,"column":31},"end":{"line":114,"column":32}},{"start":{"line":114,"column":35},"end":{"line":114,"column":36}}],"line":114},"43":{"loc":{"start":{"line":116,"column":8},"end":{"line":130,"column":9}},"type":"if","locations":[{"start":{"line":116,"column":8},"end":{"line":130,"column":9}},{"start":{},"end":{}}],"line":116},"44":{"loc":{"start":{"line":121,"column":24},"end":{"line":122,"column":44}},"type":"if","locations":[{"start":{"line":121,"column":24},"end":{"line":122,"column":44}},{"start":{},"end":{}}],"line":121},"45":{"loc":{"start":{"line":123,"column":24},"end":{"line":126,"column":25}},"type":"if","locations":[{"start":{"line":123,"column":24},"end":{"line":126,"column":25}},{"start":{},"end":{}}],"line":123},"46":{"loc":{"start":{"line":129,"column":25},"end":{"line":129,"column":36}},"type":"cond-expr","locations":[{"start":{"line":129,"column":31},"end":{"line":129,"column":32}},{"start":{"line":129,"column":35},"end":{"line":129,"column":36}}],"line":129},"47":{"loc":{"start":{"line":131,"column":8},"end":{"line":137,"column":9}},"type":"if","locations":[{"start":{"line":131,"column":8},"end":{"line":137,"column":9}},{"start":{},"end":{}}],"line":131},"48":{"loc":{"start":{"line":131,"column":12},"end":{"line":131,"column":61}},"type":"binary-expr","locations":[{"start":{"line":131,"column":12},"end":{"line":131,"column":29}},{"start":{"line":131,"column":33},"end":{"line":131,"column":61}}],"line":131},"49":{"loc":{"start":{"line":136,"column":119},"end":{"line":136,"column":130}},"type":"cond-expr","locations":[{"start":{"line":136,"column":125},"end":{"line":136,"column":126}},{"start":{"line":136,"column":129},"end":{"line":136,"column":130}}],"line":136},"50":{"loc":{"start":{"line":139,"column":8},"end":{"line":140,"column":47}},"type":"if","locations":[{"start":{"line":139,"column":8},"end":{"line":140,"column":47}},{"start":{},"end":{}}],"line":139},"51":{"loc":{"start":{"line":142,"column":106},"end":{"line":142,"column":117}},"type":"cond-expr","locations":[{"start":{"line":142,"column":112},"end":{"line":142,"column":113}},{"start":{"line":142,"column":116},"end":{"line":142,"column":117}}],"line":142}},"s":{"0":1,"1":1,"2":1,"3":1,"4":1,"5":1,"6":85,"7":1,"8":15,"9":5,"10":10,"11":1,"12":9,"13":7,"14":2,"15":0,"16":2,"17":2,"18":1,"19":1,"20":0,"21":1,"22":75,"23":53,"24":22,"25":7,"26":7,"27":1,"28":6,"29":4,"30":9,"31":1,"32":3,"33":15,"34":15,"35":11,"36":4,"37":4,"38":4,"39":1,"40":3,"41":3,"42":3,"43":0,"44":3,"45":1,"46":2,"47":2,"48":1,"49":40,"50":1,"51":84,"52":84,"53":73,"54":11,"55":11,"56":11,"57":31,"58":31,"59":31,"60":11,"61":1,"62":67,"63":1,"64":48,"65":48,"66":48,"67":48,"68":48,"69":48,"70":48,"71":48,"72":5,"73":48,"74":1,"75":55,"76":9,"77":1,"78":8,"79":25,"80":25,"81":25,"82":25,"83":46,"84":38,"85":10,"86":28,"87":5,"88":5,"89":21,"90":21,"91":23,"92":3,"93":3,"94":3,"95":1,"96":2,"97":1,"98":1,"99":1,"100":20,"101":2,"102":2,"103":2,"104":2,"105":2,"106":2,"107":18,"108":18,"109":0,"110":18,"111":27,"112":27,"113":8,"114":1,"115":1,"116":0,"117":1},"f":{"0":85,"1":15,"2":9,"3":75,"4":40,"5":84,"6":67,"7":48,"8":55,"9":25,"10":25,"11":5,"12":21,"13":21,"14":3,"15":2,"16":27,"17":27,"18":0},"b":{"0":[85,27],"1":[5,10],"2":[7,2],"3":[0,2],"4":[2,0],"5":[2,2,2],"6":[1,1],"7":[2,2],"8":[1,1],"9":[53,22],"10":[7,15],"11":[1,6],"12":[4,2],"13":[1,8],"14":[15,0],"15":[15,15],"16":[11,4],"17":[15,15],"18":[1,3],"19":[3,0],"20":[0,3],"21":[1,2],"22":[73,11],"23":[20,11],"24":[40,8],"25":[9,39],"26":[1,47],"27":[1,47],"28":[38,10],"29":[5,43],"30":[48,10],"31":[36],"32":[36],"33":[9,46],"34":[1,8],"35":[21,4],"36":[3,5],"37":[38,8],"38":[46,43],"39":[10,28],"40":[38,37,36,29,28],"41":[5,23],"42":[3,2],"43":[3,20],"44":[1,2],"45":[1,1],"46":[2,1],"47":[2,18],"48":[20,20],"49":[1,1],"50":[0,18],"51":[3,15]},"_coverageSchema":"1a1c01bbd47fc00a2c39e90264f33305004495a9","hash":"b8defa9547370f98d61f6548c3d6a63655e489b8"}
,"/home/runner/work/pojo-dump/pojo-dump/src/util.ts": {"path":"/home/runner/work/pojo-dump/pojo-dump/src/util.ts","statementMap":{"0":{"start":{"line":2,"column":0},"end":{"line":2,"column":62}},"1":{"start":{"line":3,"column":0},"end":{"line":3,"column":21}},"2":{"start":{"line":5,"column":12},"end":{"line":5,"column":26}},"3":{"start":{"line":5,"column":22},"end":{"line":5,"column":26}},"4":{"start":{"line":6,"column":0},"end":{"line":6,"column":18}}},"fnMap":{"0":{"name":"(anonymous_0)","decl":{"start":{"line":5,"column":12},"end":{"line":5,"column":13}},"loc":{"start":{"line":5,"column":22},"end":{"line":5,"column":26}},"line":5}},"branchMap":{},"s":{"0":2,"1":2,"2":2,"3":190,"4":2},"f":{"0":190},"b":{},"_coverageSchema":"1a1c01bbd47fc00a2c39e90264f33305004495a9","hash":"28a5c34fe9019e9b064180eedc2f8de2ff6ebe11"}
}
