{"/home/runner/work/pojo-dump/pojo-dump/src/toLLM.ts": {"path":"/home/runner/work/pojo-dump/pojo-dump/src/toLLM.ts","statementMap":{"0":{"start":{"line":14,"column":0},"end":{"line":14,"column":62}},"1":{"start":{"line":15,"column":0},"end":{"line":15,"column":23}},"2":{"start":{"line":16,"column":21},"end":{"line":47,"column":1}},"3":{"start":{"line":17,"column":4},"end":{"line":18,"column":20}},"4":{"start":{"line":18,"column":8},"end":{"line":18,"column":20}},"5":{"start":{"line":19,"column":4},"end":{"line":26,"column":5}},"6":{"start":{"line":20,"column":8},"end":{"line":21,"column":24}},"7":{"start":{"line":21,"column":12},"end":{"line":21,"column":24}},"8":{"start":{"line":22,"column":8},"end":{"line":24,"column":9}},"9":{"start":{"line":23,"column":12},"end":{"line":23,"column":84}},"10":{"start":{"line":23,"column":41},"end":{"line":23,"column":82}},"11":{"start":{"line":25,"column":8},"end":{"line":25,"column":21}},"12":{"start":{"line":27,"column":4},"end":{"line":28,"column":20}},"13":{"start":{"line":28,"column":8},"end":{"line":28,"column":20}},"14":{"start":{"line":29,"column":17},"end":{"line":29,"column":35}},"15":{"start":{"line":30,"column":4},"end":{"line":31,"column":20}},"16":{"start":{"line":31,"column":8},"end":{"line":31,"column":20}},"17":{"start":{"line":36,"column":25},"end":{"line":39,"column":6}},"18":{"start":{"line":37,"column":20},"end":{"line":37,"column":30}},"19":{"start":{"line":38,"column":8},"end":{"line":38,"column":55}},"20":{"start":{"line":40,"column":4},"end":{"line":41,"column":21}},"21":{"start":{"line":41,"column":8},"end":{"line":41,"column":21}},"22":{"start":{"line":42,"column":4},"end":{"line":43,"column":20}},"23":{"start":{"line":43,"column":8},"end":{"line":43,"column":20}},"24":{"start":{"line":44,"column":4},"end":{"line":45,"column":32}},"25":{"start":{"line":45,"column":8},"end":{"line":45,"column":32}},"26":{"start":{"line":46,"column":4},"end":{"line":46,"column":28}},"27":{"start":{"line":48,"column":20},"end":{"line":93,"column":1}},"28":{"start":{"line":49,"column":4},"end":{"line":50,"column":22}},"29":{"start":{"line":50,"column":8},"end":{"line":50,"column":22}},"30":{"start":{"line":51,"column":4},"end":{"line":52,"column":29}},"31":{"start":{"line":52,"column":8},"end":{"line":52,"column":29}},"32":{"start":{"line":53,"column":4},"end":{"line":54,"column":29}},"33":{"start":{"line":54,"column":8},"end":{"line":54,"column":29}},"34":{"start":{"line":55,"column":4},"end":{"line":56,"column":37}},"35":{"start":{"line":56,"column":8},"end":{"line":56,"column":37}},"36":{"start":{"line":57,"column":4},"end":{"line":58,"column":22}},"37":{"start":{"line":58,"column":8},"end":{"line":58,"column":22}},"38":{"start":{"line":59,"column":4},"end":{"line":60,"column":45}},"39":{"start":{"line":60,"column":8},"end":{"line":60,"column":45}},"40":{"start":{"line":61,"column":4},"end":{"line":62,"column":45}},"41":{"start":{"line":62,"column":8},"end":{"line":62,"column":45}},"42":{"start":{"line":63,"column":4},"end":{"line":64,"column":45}},"43":{"start":{"line":64,"column":8},"end":{"line":64,"column":45}},"44":{"start":{"line":65,"column":4},"end":{"line":73,"column":5}},"45":{"start":{"line":66,"column":8},"end":{"line":67,"column":24}},"46":{"start":{"line":67,"column":12},"end":{"line":67,"column":24}},"47":{"start":{"line":68,"column":8},"end":{"line":69,"column":41}},"48":{"start":{"line":69,"column":12},"end":{"line":69,"column":41}},"49":{"start":{"line":70,"column":26},"end":{"line":70,"column":38}},"50":{"start":{"line":71,"column":22},"end":{"line":71,"column":85}},"51":{"start":{"line":71,"column":42},"end":{"line":71,"column":84}},"52":{"start":{"line":72,"column":8},"end":{"line":72,"column":123}},"53":{"start":{"line":74,"column":4},"end":{"line":75,"column":51}},"54":{"start":{"line":75,"column":8},"end":{"line":75,"column":51}},"55":{"start":{"line":76,"column":4},"end":{"line":77,"column":48}},"56":{"start":{"line":77,"column":8},"end":{"line":77,"column":48}},"57":{"start":{"line":78,"column":4},"end":{"line":91,"column":5}},"58":{"start":{"line":79,"column":21},"end":{"line":79,"column":39}},"59":{"start":{"line":80,"column":8},"end":{"line":81,"column":24}},"60":{"start":{"line":81,"column":12},"end":{"line":81,"column":24}},"61":{"start":{"line":82,"column":8},"end":{"line":83,"column":41}},"62":{"start":{"line":83,"column":12},"end":{"line":83,"column":41}},"63":{"start":{"line":84,"column":26},"end":{"line":84,"column":38}},"64":{"start":{"line":85,"column":22},"end":{"line":89,"column":10}},"65":{"start":{"line":86,"column":27},"end":{"line":86,"column":46}},"66":{"start":{"line":87,"column":27},"end":{"line":87,"column":76}},"67":{"start":{"line":88,"column":12},"end":{"line":88,"column":41}},"68":{"start":{"line":90,"column":8},"end":{"line":90,"column":123}},"69":{"start":{"line":92,"column":4},"end":{"line":92,"column":41}},"70":{"start":{"line":104,"column":14},"end":{"line":104,"column":55}},"71":{"start":{"line":104,"column":25},"end":{"line":104,"column":55}},"72":{"start":{"line":105,"column":0},"end":{"line":105,"column":22}}},"fnMap":{"0":{"name":"(anonymous_0)","decl":{"start":{"line":16,"column":21},"end":{"line":16,"column":22}},"loc":{"start":{"line":16,"column":50},"end":{"line":47,"column":1}},"line":16},"1":{"name":"(anonymous_1)","decl":{"start":{"line":23,"column":31},"end":{"line":23,"column":32}},"loc":{"start":{"line":23,"column":41},"end":{"line":23,"column":82}},"line":23},"2":{"name":"(anonymous_2)","decl":{"start":{"line":36,"column":36},"end":{"line":36,"column":37}},"loc":{"start":{"line":36,"column":45},"end":{"line":39,"column":5}},"line":36},"3":{"name":"(anonymous_3)","decl":{"start":{"line":48,"column":20},"end":{"line":48,"column":21}},"loc":{"start":{"line":48,"column":53},"end":{"line":93,"column":1}},"line":48},"4":{"name":"(anonymous_4)","decl":{"start":{"line":71,"column":32},"end":{"line":71,"column":33}},"loc":{"start":{"line":71,"column":42},"end":{"line":71,"column":84}},"line":71},"5":{"name":"(anonymous_5)","decl":{"start":{"line":85,"column":31},"end":{"line":85,"column":32}},"loc":{"start":{"line":85,"column":40},"end":{"line":89,"column":9}},"line":85},"6":{"name":"(anonymous_6)","decl":{"start":{"line":104,"column":14},"end":{"line":104,"column":15}},"loc":{"start":{"line":104,"column":25},"end":{"line":104,"column":55}},"line":104}},"branchMap":{"0":{"loc":{"start":{"line":16,"column":29},"end":{"line":16,"column":45}},"type":"default-arg","locations":[{"start":{"line":16,"column":39},"end":{"line":16,"column":45}}],"line":16},"1":{"loc":{"start":{"line":17,"column":4},"end":{"line":18,"column":20}},"type":"if","locations":[{"start":{"line":17,"column":4},"end":{"line":18,"column":20}},{"start":{},"end":{}}],"line":17},"2":{"loc":{"start":{"line":17,"column":8},"end":{"line":17,"column":51}},"type":"binary-expr","locations":[{"start":{"line":17,"column":8},"end":{"line":17,"column":22}},{"start":{"line":17,"column":26},"end":{"line":17,"column":51}}],"line":17},"3":{"loc":{"start":{"line":19,"column":4},"end":{"line":26,"column":5}},"type":"if","locations":[{"start":{"line":19,"column":4},"end":{"line":26,"column":5}},{"start":{},"end":{}}],"line":19},"4":{"loc":{"start":{"line":20,"column":8},"end":{"line":21,"column":24}},"type":"if","locations":[{"start":{"line":20,"column":8},"end":{"line":21,"column":24}},{"start":{},"end":{}}],"line":20},"5":{"loc":{"start":{"line":22,"column":8},"end":{"line":24,"column":9}},"type":"if","locations":[{"start":{"line":22,"column":8},"end":{"line":24,"column":9}},{"start":{},"end":{}}],"line":22},"6":{"loc":{"start":{"line":23,"column":41},"end":{"line":23,"column":82}},"type":"binary-expr","locations":[{"start":{"line":23,"column":41},"end":{"line":23,"column":65}},{"start":{"line":23,"column":69},"end":{"line":23,"column":82}}],"line":23},"7":{"loc":{"start":{"line":27,"column":4},"end":{"line":28,"column":20}},"type":"if","locations":[{"start":{"line":27,"column":4},"end":{"line":28,"column":20}},{"start":{},"end":{}}],"line":27},"8":{"loc":{"start":{"line":27,"column":8},"end":{"line":27,"column":56}},"type":"binary-expr","locations":[{"start":{"line":27,"column":8},"end":{"line":27,"column":29}},{"start":{"line":27,"column":33},"end":{"line":27,"column":56}}],"line":27},"9":{"loc":{"start":{"line":30,"column":4},"end":{"line":31,"column":20}},"type":"if","locations":[{"start":{"line":30,"column":4},"end":{"line":31,"column":20}},{"start":{},"end":{}}],"line":30},"10":{"loc":{"start":{"line":38,"column":15},"end":{"line":38,"column":54}},"type":"binary-expr","locations":[{"start":{"line":38,"column":15},"end":{"line":38,"column":38}},{"start":{"line":38,"column":42},"end":{"line":38,"column":54}}],"line":38},"11":{"loc":{"start":{"line":40,"column":4},"end":{"line":41,"column":21}},"type":"if","locations":[{"start":{"line":40,"column":4},"end":{"line":41,"column":21}},{"start":{},"end":{}}],"line":40},"12":{"loc":{"start":{"line":42,"column":4},"end":{"line":43,"column":20}},"type":"if","locations":[{"start":{"line":42,"column":4},"end":{"line":43,"column":20}},{"start":{},"end":{}}],"line":42},"13":{"loc":{"start":{"line":44,"column":4},"end":{"line":45,"column":32}},"type":"if","locations":[{"start":{"line":44,"column":4},"end":{"line":45,"column":32}},{"start":{},"end":{}}],"line":44},"14":{"loc":{"start":{"line":48,"column":28},"end":{"line":48,"column":39}},"type":"default-arg","locations":[{"start":{"line":48,"column":37},"end":{"line":48,"column":39}}],"line":48},"15":{"loc":{"start":{"line":49,"column":4},"end":{"line":50,"column":22}},"type":"if","locations":[{"start":{"line":49,"column":4},"end":{"line":50,"column":22}},{"start":{},"end":{}}],"line":49},"16":{"loc":{"start":{"line":51,"column":4},"end":{"line":52,"column":29}},"type":"if","locations":[{"start":{"line":51,"column":4},"end":{"line":52,"column":29}},{"start":{},"end":{}}],"line":51},"17":{"loc":{"start":{"line":53,"column":4},"end":{"line":54,"column":29}},"type":"if","locations":[{"start":{"line":53,"column":4},"end":{"line":54,"column":29}},{"start":{},"end":{}}],"line":53},"18":{"loc":{"start":{"line":55,"column":4},"end":{"line":56,"column":37}},"type":"if","locations":[{"start":{"line":55,"column":4},"end":{"line":56,"column":37}},{"start":{},"end":{}}],"line":55},"19":{"loc":{"start":{"line":57,"column":4},"end":{"line":58,"column":22}},"type":"if","locations":[{"start":{"line":57,"column":4},"end":{"line":58,"column":22}},{"start":{},"end":{}}],"line":57},"20":{"loc":{"start":{"line":59,"column":4},"end":{"line":60,"column":45}},"type":"if","locations":[{"start":{"line":59,"column":4},"end":{"line":60,"column":45}},{"start":{},"end":{}}],"line":59},"21":{"loc":{"start":{"line":61,"column":4},"end":{"line":62,"column":45}},"type":"if","locations":[{"start":{"line":61,"column":4},"end":{"line":62,"column":45}},{"start":{},"end":{}}],"line":61},"22":{"loc":{"start":{"line":63,"column":4},"end":{"line":64,"column":45}},"type":"if","locations":[{"start":{"line":63,"column":4},"end":{"line":64,"column":45}},{"start":{},"end":{}}],"line":63},"23":{"loc":{"start":{"line":65,"column":4},"end":{"line":73,"column":5}},"type":"if","locations":[{"start":{"line":65,"column":4},"end":{"line":73,"column":5}},{"start":{},"end":{}}],"line":65},"24":{"loc":{"start":{"line":66,"column":8},"end":{"line":67,"column":24}},"type":"if","locations":[{"start":{"line":66,"column":8},"end":{"line":67,"column":24}},{"start":{},"end":{}}],"line":66},"25":{"loc":{"start":{"line":68,"column":8},"end":{"line":69,"column":41}},"type":"if","locations":[{"start":{"line":68,"column":8},"end":{"line":69,"column":41}},{"start":{},"end":{}}],"line":68},"26":{"loc":{"start":{"line":72,"column":33},"end":{"line":72,"column":115}},"type":"cond-expr","locations":[{"start":{"line":72,"column":52},"end":{"line":72,"column":110}},{"start":{"line":72,"column":113},"end":{"line":72,"column":115}}],"line":72},"27":{"loc":{"start":{"line":74,"column":4},"end":{"line":75,"column":51}},"type":"if","locations":[{"start":{"line":74,"column":4},"end":{"line":75,"column":51}},{"start":{},"end":{}}],"line":74},"28":{"loc":{"start":{"line":76,"column":4},"end":{"line":77,"column":48}},"type":"if","locations":[{"start":{"line":76,"column":4},"end":{"line":77,"column":48}},{"start":{},"end":{}}],"line":76},"29":{"loc":{"start":{"line":78,"column":4},"end":{"line":91,"column":5}},"type":"if","locations":[{"start":{"line":78,"column":4},"end":{"line":91,"column":5}},{"start":{},"end":{}}],"line":78},"30":{"loc":{"start":{"line":78,"column":8},"end":{"line":78,"column":51}},"type":"binary-expr","locations":[{"start":{"line":78,"column":8},"end":{"line":78,"column":33}},{"start":{"line":78,"column":37},"end":{"line":78,"column":51}}],"line":78},"31":{"loc":{"start":{"line":80,"column":8},"end":{"line":81,"column":24}},"type":"if","locations":[{"start":{"line":80,"column":8},"end":{"line":81,"column":24}},{"start":{},"end":{}}],"line":80},"32":{"loc":{"start":{"line":82,"column":8},"end":{"line":83,"column":41}},"type":"if","locations":[{"start":{"line":82,"column":8},"end":{"line":83,"column":41}},{"start":{},"end":{}}],"line":82},"33":{"loc":{"start":{"line":90,"column":33},"end":{"line":90,"column":115}},"type":"cond-expr","locations":[{"start":{"line":90,"column":52},"end":{"line":90,"column":110}},{"start":{"line":90,"column":113},"end":{"line":90,"column":115}}],"line":90}},"s":{"0":2,"1":2,"2":2,"3":41472,"4":0,"5":41472,"6":22358,"7":0,"8":22358,"9":8576,"10":14504,"11":13782,"12":19114,"13":0,"14":19114,"15":19114,"16":0,"17":19114,"18":63379,"19":63379,"20":19114,"21":10959,"22":8155,"23":3736,"24":4419,"25":4413,"26":6,"27":2,"28":259748,"29":9736,"30":250012,"31":17645,"32":232367,"33":102562,"34":129805,"35":81555,"36":48250,"37":1,"38":48249,"39":1,"40":48248,"41":1,"42":48247,"43":1,"44":48246,"45":25979,"46":3621,"47":22358,"48":5943,"49":16415,"50":16415,"51":135284,"52":16415,"53":22267,"54":1,"55":22266,"56":1,"57":22265,"58":22265,"59":22265,"60":3151,"61":19114,"62":4846,"63":14268,"64":14268,"65":124109,"66":124109,"67":124109,"68":14268,"69":0,"70":2,"71":355,"72":2},"f":{"0":41472,"1":14504,"2":63379,"3":259748,"4":135284,"5":124109,"6":355},"b":{"0":[0],"1":[0,41472],"2":[41472,41472],"3":[22358,19114],"4":[0,22358],"5":[8576,13782],"6":[14504,3096],"7":[0,19114],"8":[19114,19114],"9":[0,19114],"10":[63379,13329],"11":[10959,8155],"12":[3736,4419],"13":[4413,6],"14":[0],"15":[9736,250012],"16":[17645,232367],"17":[102562,129805],"18":[81555,48250],"19":[1,48249],"20":[1,48248],"21":[1,48247],"22":[1,48246],"23":[25979,22267],"24":[3621,22358],"25":[5943,16415],"26":[15812,603],"27":[1,22266],"28":[1,22265],"29":[22265,0],"30":[22265,22265],"31":[3151,19114],"32":[4846,14268],"33":[13765,503]},"_coverageSchema":"1a1c01bbd47fc00a2c39e90264f33305004495a9","hash":"8409ae1aff37ed2a52c1620ad2f1e57b4a7149ba"}
,"/home/runner/work/pojo-dump/pojo-dump/src/toLine.ts": {"path":"/home/runner/work/pojo-dump/pojo-dump/src/toLine.ts","statementMap":{"0":{"start":{"line":2,"column":0},"end":{"line":2,"column":62}},"1":{"start":{"line":3,"column":0},"end":{"line":3,"column":24}},"2":{"start":{"line":4,"column":15},"end":{"line":4,"column":32}},"3":{"start":{"line":5,"column":25},"end":{"line":15,"column":15}},"4":{"start":{"line":5,"column":35},"end":{"line":15,"column":15}},"5":{"start":{"line":10,"column":27},"end":{"line":13,"column":55}},"6":{"start":{"line":16,"column":15},"end":{"line":84,"column":1}},"7":{"start":{"line":17,"column":4},"end":{"line":26,"column":5}},"8":{"start":{"line":19,"column":12},"end":{"line":19,"column":24}},"9":{"start":{"line":21,"column":12},"end":{"line":21,"column":24}},"10":{"start":{"line":23,"column":12},"end":{"line":23,"column":24}},"11":{"start":{"line":25,"column":12},"end":{"line":25,"column":24}},"12":{"start":{"line":27,"column":4},"end":{"line":82,"column":5}},"13":{"start":{"line":30,"column":30},"end":{"line":32,"column":99}},"14":{"start":{"line":33,"column":12},"end":{"line":34,"column":42}},"15":{"start":{"line":34,"column":16},"end":{"line":34,"column":42}},"16":{"start":{"line":35,"column":12},"end":{"line":35,"column":29}},"17":{"start":{"line":38,"column":12},"end":{"line":39,"column":28}},"18":{"start":{"line":39,"column":16},"end":{"line":39,"column":28}},"19":{"start":{"line":40,"column":26},"end":{"line":40,"column":64}},"20":{"start":{"line":41,"column":12},"end":{"line":52,"column":27}},"21":{"start":{"line":44,"column":16},"end":{"line":45,"column":31}},"22":{"start":{"line":45,"column":20},"end":{"line":45,"column":31}},"23":{"start":{"line":46,"column":16},"end":{"line":47,"column":31}},"24":{"start":{"line":47,"column":20},"end":{"line":47,"column":31}},"25":{"start":{"line":48,"column":16},"end":{"line":49,"column":84}},"26":{"start":{"line":49,"column":20},"end":{"line":49,"column":84}},"27":{"start":{"line":50,"column":16},"end":{"line":50,"column":103}},"28":{"start":{"line":55,"column":12},"end":{"line":58,"column":27}},"29":{"start":{"line":56,"column":16},"end":{"line":58,"column":27}},"30":{"start":{"line":57,"column":53},"end":{"line":57,"column":84}},"31":{"start":{"line":59,"column":12},"end":{"line":60,"column":133}},"32":{"start":{"line":60,"column":16},"end":{"line":60,"column":133}},"33":{"start":{"line":61,"column":12},"end":{"line":62,"column":72}},"34":{"start":{"line":62,"column":16},"end":{"line":62,"column":72}},"35":{"start":{"line":63,"column":12},"end":{"line":64,"column":79}},"36":{"start":{"line":64,"column":16},"end":{"line":64,"column":79}},"37":{"start":{"line":65,"column":12},"end":{"line":66,"column":58}},"38":{"start":{"line":66,"column":16},"end":{"line":66,"column":58}},"39":{"start":{"line":67,"column":12},"end":{"line":68,"column":34}},"40":{"start":{"line":68,"column":16},"end":{"line":68,"column":34}},"41":{"start":{"line":69,"column":25},"end":{"line":69,"column":43}},"42":{"start":{"line":70,"column":12},"end":{"line":71,"column":28}},"43":{"start":{"line":71,"column":16},"end":{"line":71,"column":28}},"44":{"start":{"line":72,"column":12},"end":{"line":74,"column":50}},"45":{"start":{"line":73,"column":28},"end":{"line":73,"column":118}},"46":{"start":{"line":77,"column":12},"end":{"line":77,"column":84}},"47":{"start":{"line":80,"column":12},"end":{"line":80,"column":50}},"48":{"start":{"line":83,"column":4},"end":{"line":83,"column":15}},"49":{"start":{"line":85,"column":0},"end":{"line":85,"column":24}}},"fnMap":{"0":{"name":"(anonymous_0)","decl":{"start":{"line":5,"column":25},"end":{"line":5,"column":26}},"loc":{"start":{"line":5,"column":35},"end":{"line":15,"column":15}},"line":5},"1":{"name":"(anonymous_1)","decl":{"start":{"line":10,"column":17},"end":{"line":10,"column":18}},"loc":{"start":{"line":10,"column":27},"end":{"line":13,"column":55}},"line":10},"2":{"name":"(anonymous_2)","decl":{"start":{"line":16,"column":15},"end":{"line":16,"column":16}},"loc":{"start":{"line":16,"column":41},"end":{"line":84,"column":1}},"line":16},"3":{"name":"(anonymous_3)","decl":{"start":{"line":43,"column":21},"end":{"line":43,"column":22}},"loc":{"start":{"line":43,"column":31},"end":{"line":51,"column":13}},"line":43},"4":{"name":"(anonymous_4)","decl":{"start":{"line":57,"column":46},"end":{"line":57,"column":47}},"loc":{"start":{"line":57,"column":53},"end":{"line":57,"column":84}},"line":57},"5":{"name":"(anonymous_5)","decl":{"start":{"line":73,"column":21},"end":{"line":73,"column":22}},"loc":{"start":{"line":73,"column":28},"end":{"line":73,"column":118}},"line":73}},"branchMap":{"0":{"loc":{"start":{"line":6,"column":5},"end":{"line":15,"column":14}},"type":"cond-expr","locations":[{"start":{"line":7,"column":10},"end":{"line":14,"column":26}},{"start":{"line":15,"column":10},"end":{"line":15,"column":14}}],"line":6},"1":{"loc":{"start":{"line":16,"column":23},"end":{"line":16,"column":36}},"type":"default-arg","locations":[{"start":{"line":16,"column":33},"end":{"line":16,"column":36}}],"line":16},"2":{"loc":{"start":{"line":17,"column":4},"end":{"line":26,"column":5}},"type":"switch","locations":[{"start":{"line":18,"column":8},"end":{"line":19,"column":24}},{"start":{"line":20,"column":8},"end":{"line":21,"column":24}},{"start":{"line":22,"column":8},"end":{"line":23,"column":24}},{"start":{"line":24,"column":8},"end":{"line":25,"column":24}}],"line":17},"3":{"loc":{"start":{"line":27,"column":4},"end":{"line":82,"column":5}},"type":"switch","locations":[{"start":{"line":28,"column":8},"end":{"line":28,"column":22}},{"start":{"line":29,"column":8},"end":{"line":36,"column":9}},{"start":{"line":37,"column":8},"end":{"line":53,"column":9}},{"start":{"line":54,"column":8},"end":{"line":75,"column":9}},{"start":{"line":76,"column":8},"end":{"line":78,"column":9}},{"start":{"line":79,"column":8},"end":{"line":81,"column":9}}],"line":27},"4":{"loc":{"start":{"line":30,"column":30},"end":{"line":32,"column":99}},"type":"cond-expr","locations":[{"start":{"line":31,"column":18},"end":{"line":31,"column":28}},{"start":{"line":32,"column":18},"end":{"line":32,"column":99}}],"line":30},"5":{"loc":{"start":{"line":30,"column":30},"end":{"line":30,"column":86}},"type":"binary-expr","locations":[{"start":{"line":30,"column":30},"end":{"line":30,"column":55}},{"start":{"line":30,"column":59},"end":{"line":30,"column":86}}],"line":30},"6":{"loc":{"start":{"line":32,"column":62},"end":{"line":32,"column":98}},"type":"cond-expr","locations":[{"start":{"line":32,"column":90},"end":{"line":32,"column":93}},{"start":{"line":32,"column":96},"end":{"line":32,"column":98}}],"line":32},"7":{"loc":{"start":{"line":33,"column":12},"end":{"line":34,"column":42}},"type":"if","locations":[{"start":{"line":33,"column":12},"end":{"line":34,"column":42}},{"start":{},"end":{}}],"line":33},"8":{"loc":{"start":{"line":33,"column":16},"end":{"line":33,"column":60}},"type":"binary-expr","locations":[{"start":{"line":33,"column":16},"end":{"line":33,"column":36}},{"start":{"line":33,"column":40},"end":{"line":33,"column":60}}],"line":33},"9":{"loc":{"start":{"line":38,"column":12},"end":{"line":39,"column":28}},"type":"if","locations":[{"start":{"line":38,"column":12},"end":{"line":39,"column":28}},{"start":{},"end":{}}],"line":38},"10":{"loc":{"start":{"line":44,"column":16},"end":{"line":45,"column":31}},"type":"if","locations":[{"start":{"line":44,"column":16},"end":{"line":45,"column":31}},{"start":{},"end":{}}],"line":44},"11":{"loc":{"start":{"line":46,"column":16},"end":{"line":47,"column":31}},"type":"if","locations":[{"start":{"line":46,"column":16},"end":{"line":47,"column":31}},{"start":{},"end":{}}],"line":46},"12":{"loc":{"start":{"line":48,"column":16},"end":{"line":49,"column":84}},"type":"if","locations":[{"start":{"line":48,"column":16},"end":{"line":49,"column":84}},{"start":{},"end":{}}],"line":48},"13":{"loc":{"start":{"line":48,"column":20},"end":{"line":48,"column":64}},"type":"binary-expr","locations":[{"start":{"line":48,"column":20},"end":{"line":48,"column":37}},{"start":{"line":48,"column":41},"end":{"line":48,"column":64}}],"line":48},"14":{"loc":{"start":{"line":55,"column":12},"end":{"line":58,"column":27}},"type":"if","locations":[{"start":{"line":55,"column":12},"end":{"line":58,"column":27}},{"start":{},"end":{}}],"line":55},"15":{"loc":{"start":{"line":56,"column":23},"end":{"line":58,"column":26}},"type":"cond-expr","locations":[{"start":{"line":57,"column":22},"end":{"line":57,"column":118}},{"start":{"line":58,"column":22},"end":{"line":58,"column":26}}],"line":56},"16":{"loc":{"start":{"line":59,"column":12},"end":{"line":60,"column":133}},"type":"if","locations":[{"start":{"line":59,"column":12},"end":{"line":60,"column":133}},{"start":{},"end":{}}],"line":59},"17":{"loc":{"start":{"line":61,"column":12},"end":{"line":62,"column":72}},"type":"if","locations":[{"start":{"line":61,"column":12},"end":{"line":62,"column":72}},{"start":{},"end":{}}],"line":61},"18":{"loc":{"start":{"line":63,"column":12},"end":{"line":64,"column":79}},"type":"if","locations":[{"start":{"line":63,"column":12},"end":{"line":64,"column":79}},{"start":{},"end":{}}],"line":63},"19":{"loc":{"start":{"line":65,"column":12},"end":{"line":66,"column":58}},"type":"if","locations":[{"start":{"line":65,"column":12},"end":{"line":66,"column":58}},{"start":{},"end":{}}],"line":65},"20":{"loc":{"start":{"line":67,"column":12},"end":{"line":68,"column":34}},"type":"if","locations":[{"start":{"line":67,"column":12},"end":{"line":68,"column":34}},{"start":{},"end":{}}],"line":67},"21":{"loc":{"start":{"line":70,"column":12},"end":{"line":71,"column":28}},"type":"if","locations":[{"start":{"line":70,"column":12},"end":{"line":71,"column":28}},{"start":{},"end":{}}],"line":70}},"s":{"0":2,"1":2,"2":2,"3":2,"4":11,"5":79,"6":2,"7":860,"8":5,"9":2,"10":6,"11":5,"12":842,"13":42,"14":42,"15":3,"16":39,"17":721,"18":1,"19":720,"20":720,"21":1018,"22":6,"23":1012,"24":283,"25":729,"26":4,"27":725,"28":71,"29":37,"30":73,"31":34,"32":1,"33":33,"34":9,"35":24,"36":1,"37":23,"38":2,"39":21,"40":3,"41":18,"42":18,"43":1,"44":17,"45":19,"46":6,"47":2,"48":0,"49":2},"f":{"0":11,"1":79,"2":860,"3":1018,"4":73,"5":19},"b":{"0":[8,3],"1":[768],"2":[5,2,6,5],"3":[41,42,721,71,6,2],"4":[6,36],"5":[42,41],"6":[1,35],"7":[3,39],"8":[42,4],"9":[1,720],"10":[6,1012],"11":[283,729],"12":[4,725],"13":[729,10],"14":[37,34],"15":[36,1],"16":[1,33],"17":[9,24],"18":[1,23],"19":[2,21],"20":[3,18],"21":[1,17]},"_coverageSchema":"1a1c01bbd47fc00a2c39e90264f33305004495a9","hash":"1b5bb10707f53b10e90d2c21e8b720956dfd5e7c"}
,"/home/runner/work/pojo-dump/pojo-dump/src/toTree.ts": {"path":"/home/runner/work/pojo-dump/pojo-dump/src/toTree.ts","statementMap":{"0":{"start":{"line":2,"column":0},"end":{"line":2,"column":62}},"1":{"start":{"line":3,"column":0},"end":{"line":3,"column":42}},"2":{"start":{"line":4,"column":20},"end":{"line":4,"column":54}},"3":{"start":{"line":5,"column":17},"end":{"line":5,"column":36}},"4":{"start":{"line":6,"column":15},"end":{"line":6,"column":32}},"5":{"start":{"line":7,"column":20},"end":{"line":7,"column":74}},"6":{"start":{"line":7,"column":31},"end":{"line":7,"column":74}},"7":{"start":{"line":8,"column":25},"end":{"line":12,"column":1}},"8":{"start":{"line":9,"column":4},"end":{"line":10,"column":33}},"9":{"start":{"line":10,"column":8},"end":{"line":10,"column":33}},"10":{"start":{"line":11,"column":4},"end":{"line":11,"column":30}},"11":{"start":{"line":13,"column":21},"end":{"line":24,"column":1}},"12":{"start":{"line":14,"column":4},"end":{"line":15,"column":20}},"13":{"start":{"line":15,"column":8},"end":{"line":15,"column":20}},"14":{"start":{"line":16,"column":4},"end":{"line":22,"column":5}},"15":{"start":{"line":17,"column":8},"end":{"line":17,"column":34}},"16":{"start":{"line":18,"column":9},"end":{"line":22,"column":5}},"17":{"start":{"line":19,"column":8},"end":{"line":20,"column":24}},"18":{"start":{"line":20,"column":12},"end":{"line":20,"column":24}},"19":{"start":{"line":21,"column":8},"end":{"line":21,"column":66}},"20":{"start":{"line":23,"column":4},"end":{"line":23,"column":17}},"21":{"start":{"line":25,"column":23},"end":{"line":57,"column":1}},"22":{"start":{"line":26,"column":4},"end":{"line":27,"column":20}},"23":{"start":{"line":27,"column":8},"end":{"line":27,"column":20}},"24":{"start":{"line":28,"column":4},"end":{"line":55,"column":5}},"25":{"start":{"line":29,"column":23},"end":{"line":29,"column":35}},"26":{"start":{"line":30,"column":8},"end":{"line":31,"column":24}},"27":{"start":{"line":31,"column":12},"end":{"line":31,"column":24}},"28":{"start":{"line":32,"column":8},"end":{"line":37,"column":9}},"29":{"start":{"line":33,"column":12},"end":{"line":35,"column":33}},"30":{"start":{"line":34,"column":16},"end":{"line":35,"column":33}},"31":{"start":{"line":35,"column":20},"end":{"line":35,"column":33}},"32":{"start":{"line":36,"column":12},"end":{"line":36,"column":24}},"33":{"start":{"line":39,"column":9},"end":{"line":55,"column":5}},"34":{"start":{"line":40,"column":8},"end":{"line":41,"column":25}},"35":{"start":{"line":41,"column":12},"end":{"line":41,"column":25}},"36":{"start":{"line":42,"column":21},"end":{"line":42,"column":39}},"37":{"start":{"line":43,"column":23},"end":{"line":43,"column":34}},"38":{"start":{"line":44,"column":8},"end":{"line":45,"column":24}},"39":{"start":{"line":45,"column":12},"end":{"line":45,"column":24}},"40":{"start":{"line":46,"column":8},"end":{"line":54,"column":9}},"41":{"start":{"line":47,"column":12},"end":{"line":52,"column":13}},"42":{"start":{"line":48,"column":16},"end":{"line":49,"column":33}},"43":{"start":{"line":49,"column":20},"end":{"line":49,"column":33}},"44":{"start":{"line":50,"column":16},"end":{"line":51,"column":33}},"45":{"start":{"line":51,"column":20},"end":{"line":51,"column":33}},"46":{"start":{"line":53,"column":12},"end":{"line":53,"column":24}},"47":{"start":{"line":56,"column":4},"end":{"line":56,"column":17}},"48":{"start":{"line":58,"column":23},"end":{"line":58,"column":56}},"49":{"start":{"line":58,"column":32},"end":{"line":58,"column":56}},"50":{"start":{"line":59,"column":13},"end":{"line":71,"column":1}},"51":{"start":{"line":60,"column":27},"end":{"line":60,"column":69}},"52":{"start":{"line":61,"column":4},"end":{"line":62,"column":20}},"53":{"start":{"line":62,"column":8},"end":{"line":62,"column":20}},"54":{"start":{"line":63,"column":16},"end":{"line":63,"column":18}},"55":{"start":{"line":64,"column":14},"end":{"line":64,"column":15}},"56":{"start":{"line":65,"column":4},"end":{"line":69,"column":5}},"57":{"start":{"line":66,"column":24},"end":{"line":66,"column":44}},"58":{"start":{"line":67,"column":8},"end":{"line":67,"column":72}},"59":{"start":{"line":68,"column":8},"end":{"line":68,"column":22}},"60":{"start":{"line":70,"column":4},"end":{"line":70,"column":17}},"61":{"start":{"line":72,"column":25},"end":{"line":90,"column":1}},"62":{"start":{"line":73,"column":4},"end":{"line":88,"column":5}},"63":{"start":{"line":74,"column":22},"end":{"line":74,"column":39}},"64":{"start":{"line":75,"column":23},"end":{"line":75,"column":35}},"65":{"start":{"line":76,"column":8},"end":{"line":85,"column":9}},"66":{"start":{"line":76,"column":21},"end":{"line":76,"column":22}},"67":{"start":{"line":77,"column":28},"end":{"line":77,"column":36}},"68":{"start":{"line":78,"column":28},"end":{"line":78,"column":35}},"69":{"start":{"line":79,"column":12},"end":{"line":82,"column":13}},"70":{"start":{"line":80,"column":16},"end":{"line":80,"column":31}},"71":{"start":{"line":81,"column":16},"end":{"line":81,"column":25}},"72":{"start":{"line":83,"column":25},"end":{"line":83,"column":54}},"73":{"start":{"line":84,"column":12},"end":{"line":84,"column":73}},"74":{"start":{"line":86,"column":21},"end":{"line":86,"column":39}},"75":{"start":{"line":87,"column":8},"end":{"line":87,"column":20}},"76":{"start":{"line":89,"column":4},"end":{"line":89,"column":61}},"77":{"start":{"line":91,"column":19},"end":{"line":108,"column":1}},"78":{"start":{"line":92,"column":25},"end":{"line":92,"column":78}},"79":{"start":{"line":93,"column":25},"end":{"line":93,"column":76}},"80":{"start":{"line":94,"column":31},"end":{"line":94,"column":50}},"81":{"start":{"line":95,"column":23},"end":{"line":95,"column":91}},"82":{"start":{"line":96,"column":20},"end":{"line":96,"column":39}},"83":{"start":{"line":97,"column":29},"end":{"line":97,"column":105}},"84":{"start":{"line":98,"column":25},"end":{"line":100,"column":43}},"85":{"start":{"line":101,"column":4},"end":{"line":106,"column":156}},"86":{"start":{"line":102,"column":8},"end":{"line":106,"column":156}},"87":{"start":{"line":107,"column":4},"end":{"line":107,"column":39}},"88":{"start":{"line":117,"column":15},"end":{"line":171,"column":1}},"89":{"start":{"line":118,"column":4},"end":{"line":169,"column":5}},"90":{"start":{"line":119,"column":8},"end":{"line":120,"column":24}},"91":{"start":{"line":120,"column":12},"end":{"line":120,"column":24}},"92":{"start":{"line":121,"column":8},"end":{"line":126,"column":36}},"93":{"start":{"line":122,"column":64},"end":{"line":126,"column":13}},"94":{"start":{"line":123,"column":32},"end":{"line":123,"column":49}},"95":{"start":{"line":124,"column":30},"end":{"line":124,"column":36}},"96":{"start":{"line":125,"column":16},"end":{"line":125,"column":189}},"97":{"start":{"line":128,"column":9},"end":{"line":169,"column":5}},"98":{"start":{"line":129,"column":8},"end":{"line":134,"column":69}},"99":{"start":{"line":134,"column":12},"end":{"line":134,"column":69}},"100":{"start":{"line":135,"column":8},"end":{"line":141,"column":9}},"101":{"start":{"line":136,"column":12},"end":{"line":140,"column":39}},"102":{"start":{"line":138,"column":29},"end":{"line":139,"column":143}},"103":{"start":{"line":139,"column":100},"end":{"line":139,"column":141}},"104":{"start":{"line":139,"column":109},"end":{"line":139,"column":141}},"105":{"start":{"line":142,"column":8},"end":{"line":156,"column":9}},"106":{"start":{"line":143,"column":12},"end":{"line":155,"column":39}},"107":{"start":{"line":146,"column":36},"end":{"line":146,"column":53}},"108":{"start":{"line":147,"column":24},"end":{"line":148,"column":44}},"109":{"start":{"line":148,"column":28},"end":{"line":148,"column":44}},"110":{"start":{"line":149,"column":24},"end":{"line":152,"column":25}},"111":{"start":{"line":150,"column":41},"end":{"line":150,"column":95}},"112":{"start":{"line":151,"column":28},"end":{"line":151,"column":62}},"113":{"start":{"line":153,"column":24},"end":{"line":153,"column":76}},"114":{"start":{"line":157,"column":8},"end":{"line":163,"column":9}},"115":{"start":{"line":158,"column":24},"end":{"line":158,"column":26}},"116":{"start":{"line":159,"column":12},"end":{"line":160,"column":38}},"117":{"start":{"line":160,"column":16},"end":{"line":160,"column":38}},"118":{"start":{"line":161,"column":25},"end":{"line":161,"column":55}},"119":{"start":{"line":162,"column":12},"end":{"line":162,"column":132}},"120":{"start":{"line":162,"column":70},"end":{"line":162,"column":110}},"121":{"start":{"line":164,"column":21},"end":{"line":164,"column":39}},"122":{"start":{"line":165,"column":8},"end":{"line":166,"column":47}},"123":{"start":{"line":166,"column":12},"end":{"line":166,"column":47}},"124":{"start":{"line":167,"column":8},"end":{"line":168,"column":131}},"125":{"start":{"line":168,"column":60},"end":{"line":168,"column":108}},"126":{"start":{"line":168,"column":69},"end":{"line":168,"column":108}},"127":{"start":{"line":170,"column":4},"end":{"line":170,"column":51}},"128":{"start":{"line":172,"column":0},"end":{"line":172,"column":24}},"129":{"start":{"line":173,"column":16},"end":{"line":173,"column":114}},"130":{"start":{"line":173,"column":51},"end":{"line":173,"column":114}},"131":{"start":{"line":174,"column":0},"end":{"line":174,"column":26}}},"fnMap":{"0":{"name":"(anonymous_0)","decl":{"start":{"line":7,"column":20},"end":{"line":7,"column":21}},"loc":{"start":{"line":7,"column":31},"end":{"line":7,"column":74}},"line":7},"1":{"name":"(anonymous_1)","decl":{"start":{"line":8,"column":25},"end":{"line":8,"column":26}},"loc":{"start":{"line":8,"column":36},"end":{"line":12,"column":1}},"line":8},"2":{"name":"(anonymous_2)","decl":{"start":{"line":13,"column":21},"end":{"line":13,"column":22}},"loc":{"start":{"line":13,"column":32},"end":{"line":24,"column":1}},"line":13},"3":{"name":"(anonymous_3)","decl":{"start":{"line":25,"column":23},"end":{"line":25,"column":24}},"loc":{"start":{"line":25,"column":34},"end":{"line":57,"column":1}},"line":25},"4":{"name":"(anonymous_4)","decl":{"start":{"line":58,"column":23},"end":{"line":58,"column":24}},"loc":{"start":{"line":58,"column":32},"end":{"line":58,"column":56}},"line":58},"5":{"name":"(anonymous_5)","decl":{"start":{"line":59,"column":13},"end":{"line":59,"column":14}},"loc":{"start":{"line":59,"column":45},"end":{"line":71,"column":1}},"line":59},"6":{"name":"(anonymous_6)","decl":{"start":{"line":72,"column":25},"end":{"line":72,"column":26}},"loc":{"start":{"line":72,"column":52},"end":{"line":90,"column":1}},"line":72},"7":{"name":"(anonymous_7)","decl":{"start":{"line":91,"column":19},"end":{"line":91,"column":20}},"loc":{"start":{"line":91,"column":49},"end":{"line":108,"column":1}},"line":91},"8":{"name":"(anonymous_8)","decl":{"start":{"line":117,"column":15},"end":{"line":117,"column":16}},"loc":{"start":{"line":117,"column":80},"end":{"line":171,"column":1}},"line":117},"9":{"name":"(anonymous_9)","decl":{"start":{"line":122,"column":54},"end":{"line":122,"column":55}},"loc":{"start":{"line":122,"column":64},"end":{"line":126,"column":13}},"line":122},"10":{"name":"(anonymous_10)","decl":{"start":{"line":122,"column":64},"end":{"line":122,"column":65}},"loc":{"start":{"line":122,"column":73},"end":{"line":126,"column":13}},"line":122},"11":{"name":"(anonymous_11)","decl":{"start":{"line":138,"column":20},"end":{"line":138,"column":21}},"loc":{"start":{"line":138,"column":29},"end":{"line":139,"column":143}},"line":138},"12":{"name":"(anonymous_12)","decl":{"start":{"line":139,"column":88},"end":{"line":139,"column":89}},"loc":{"start":{"line":139,"column":100},"end":{"line":139,"column":141}},"line":139},"13":{"name":"(anonymous_13)","decl":{"start":{"line":139,"column":100},"end":{"line":139,"column":101}},"loc":{"start":{"line":139,"column":109},"end":{"line":139,"column":141}},"line":139},"14":{"name":"(anonymous_14)","decl":{"start":{"line":145,"column":20},"end":{"line":145,"column":21}},"loc":{"start":{"line":145,"column":29},"end":{"line":154,"column":21}},"line":145},"15":{"name":"(anonymous_15)","decl":{"start":{"line":162,"column":61},"end":{"line":162,"column":62}},"loc":{"start":{"line":162,"column":70},"end":{"line":162,"column":110}},"line":162},"16":{"name":"(anonymous_16)","decl":{"start":{"line":168,"column":53},"end":{"line":168,"column":54}},"loc":{"start":{"line":168,"column":60},"end":{"line":168,"column":108}},"line":168},"17":{"name":"(anonymous_17)","decl":{"start":{"line":168,"column":60},"end":{"line":168,"column":61}},"loc":{"start":{"line":168,"column":69},"end":{"line":168,"column":108}},"line":168},"18":{"name":"(anonymous_18)","decl":{"start":{"line":173,"column":16},"end":{"line":173,"column":17}},"loc":{"start":{"line":173,"column":51},"end":{"line":173,"column":114}},"line":173}},"branchMap":{"0":{"loc":{"start":{"line":7,"column":31},"end":{"line":7,"column":74}},"type":"binary-expr","locations":[{"start":{"line":7,"column":31},"end":{"line":7,"column":56}},{"start":{"line":7,"column":60},"end":{"line":7,"column":74}}],"line":7},"1":{"loc":{"start":{"line":9,"column":4},"end":{"line":10,"column":33}},"type":"if","locations":[{"start":{"line":9,"column":4},"end":{"line":10,"column":33}},{"start":{},"end":{}}],"line":9},"2":{"loc":{"start":{"line":14,"column":4},"end":{"line":15,"column":20}},"type":"if","locations":[{"start":{"line":14,"column":4},"end":{"line":15,"column":20}},{"start":{},"end":{}}],"line":14},"3":{"loc":{"start":{"line":16,"column":4},"end":{"line":22,"column":5}},"type":"if","locations":[{"start":{"line":16,"column":4},"end":{"line":22,"column":5}},{"start":{"line":18,"column":9},"end":{"line":22,"column":5}}],"line":16},"4":{"loc":{"start":{"line":18,"column":9},"end":{"line":22,"column":5}},"type":"if","locations":[{"start":{"line":18,"column":9},"end":{"line":22,"column":5}},{"start":{},"end":{}}],"line":18},"5":{"loc":{"start":{"line":18,"column":13},"end":{"line":18,"column":82}},"type":"binary-expr","locations":[{"start":{"line":18,"column":13},"end":{"line":18,"column":18}},{"start":{"line":18,"column":22},"end":{"line":18,"column":47}},{"start":{"line":18,"column":51},"end":{"line":18,"column":82}}],"line":18},"6":{"loc":{"start":{"line":19,"column":8},"end":{"line":20,"column":24}},"type":"if","locations":[{"start":{"line":19,"column":8},"end":{"line":20,"column":24}},{"start":{},"end":{}}],"line":19},"7":{"loc":{"start":{"line":19,"column":12},"end":{"line":19,"column":60}},"type":"binary-expr","locations":[{"start":{"line":19,"column":12},"end":{"line":19,"column":33}},{"start":{"line":19,"column":37},"end":{"line":19,"column":60}}],"line":19},"8":{"loc":{"start":{"line":21,"column":15},"end":{"line":21,"column":65}},"type":"binary-expr","locations":[{"start":{"line":21,"column":15},"end":{"line":21,"column":33}},{"start":{"line":21,"column":37},"end":{"line":21,"column":65}}],"line":21},"9":{"loc":{"start":{"line":26,"column":4},"end":{"line":27,"column":20}},"type":"if","locations":[{"start":{"line":26,"column":4},"end":{"line":27,"column":20}},{"start":{},"end":{}}],"line":26},"10":{"loc":{"start":{"line":28,"column":4},"end":{"line":55,"column":5}},"type":"if","locations":[{"start":{"line":28,"column":4},"end":{"line":55,"column":5}},{"start":{"line":39,"column":9},"end":{"line":55,"column":5}}],"line":28},"11":{"loc":{"start":{"line":30,"column":8},"end":{"line":31,"column":24}},"type":"if","locations":[{"start":{"line":30,"column":8},"end":{"line":31,"column":24}},{"start":{},"end":{}}],"line":30},"12":{"loc":{"start":{"line":32,"column":8},"end":{"line":37,"column":9}},"type":"if","locations":[{"start":{"line":32,"column":8},"end":{"line":37,"column":9}},{"start":{},"end":{}}],"line":32},"13":{"loc":{"start":{"line":34,"column":16},"end":{"line":35,"column":33}},"type":"if","locations":[{"start":{"line":34,"column":16},"end":{"line":35,"column":33}},{"start":{},"end":{}}],"line":34},"14":{"loc":{"start":{"line":39,"column":9},"end":{"line":55,"column":5}},"type":"if","locations":[{"start":{"line":39,"column":9},"end":{"line":55,"column":5}},{"start":{},"end":{}}],"line":39},"15":{"loc":{"start":{"line":39,"column":13},"end":{"line":39,"column":47}},"type":"binary-expr","locations":[{"start":{"line":39,"column":13},"end":{"line":39,"column":18}},{"start":{"line":39,"column":22},"end":{"line":39,"column":47}}],"line":39},"16":{"loc":{"start":{"line":40,"column":8},"end":{"line":41,"column":25}},"type":"if","locations":[{"start":{"line":40,"column":8},"end":{"line":41,"column":25}},{"start":{},"end":{}}],"line":40},"17":{"loc":{"start":{"line":40,"column":12},"end":{"line":40,"column":62}},"type":"binary-expr","locations":[{"start":{"line":40,"column":12},"end":{"line":40,"column":30}},{"start":{"line":40,"column":34},"end":{"line":40,"column":62}}],"line":40},"18":{"loc":{"start":{"line":44,"column":8},"end":{"line":45,"column":24}},"type":"if","locations":[{"start":{"line":44,"column":8},"end":{"line":45,"column":24}},{"start":{},"end":{}}],"line":44},"19":{"loc":{"start":{"line":46,"column":8},"end":{"line":54,"column":9}},"type":"if","locations":[{"start":{"line":46,"column":8},"end":{"line":54,"column":9}},{"start":{},"end":{}}],"line":46},"20":{"loc":{"start":{"line":48,"column":16},"end":{"line":49,"column":33}},"type":"if","locations":[{"start":{"line":48,"column":16},"end":{"line":49,"column":33}},{"start":{},"end":{}}],"line":48},"21":{"loc":{"start":{"line":50,"column":16},"end":{"line":51,"column":33}},"type":"if","locations":[{"start":{"line":50,"column":16},"end":{"line":51,"column":33}},{"start":{},"end":{}}],"line":50},"22":{"loc":{"start":{"line":61,"column":4},"end":{"line":62,"column":20}},"type":"if","locations":[{"start":{"line":61,"column":4},"end":{"line":62,"column":20}},{"start":{},"end":{}}],"line":61},"23":{"loc":{"start":{"line":67,"column":18},"end":{"line":67,"column":43}},"type":"cond-expr","locations":[{"start":{"line":67,"column":26},"end":{"line":67,"column":38}},{"start":{"line":67,"column":41},"end":{"line":67,"column":43}}],"line":67},"24":{"loc":{"start":{"line":73,"column":4},"end":{"line":88,"column":5}},"type":"if","locations":[{"start":{"line":73,"column":4},"end":{"line":88,"column":5}},{"start":{},"end":{}}],"line":73},"25":{"loc":{"start":{"line":79,"column":12},"end":{"line":82,"column":13}},"type":"if","locations":[{"start":{"line":79,"column":12},"end":{"line":82,"column":13}},{"start":{},"end":{}}],"line":79},"26":{"loc":{"start":{"line":79,"column":16},"end":{"line":79,"column":36}},"type":"binary-expr","locations":[{"start":{"line":79,"column":16},"end":{"line":79,"column":24}},{"start":{"line":79,"column":28},"end":{"line":79,"column":36}}],"line":79},"27":{"loc":{"start":{"line":84,"column":24},"end":{"line":84,"column":42}},"type":"cond-expr","locations":[{"start":{"line":84,"column":34},"end":{"line":84,"column":36}},{"start":{"line":84,"column":39},"end":{"line":84,"column":42}}],"line":84},"28":{"loc":{"start":{"line":92,"column":25},"end":{"line":92,"column":78}},"type":"cond-expr","locations":[{"start":{"line":92,"column":51},"end":{"line":92,"column":71}},{"start":{"line":92,"column":74},"end":{"line":92,"column":78}}],"line":92},"29":{"loc":{"start":{"line":93,"column":25},"end":{"line":93,"column":76}},"type":"cond-expr","locations":[{"start":{"line":93,"column":40},"end":{"line":93,"column":65}},{"start":{"line":93,"column":68},"end":{"line":93,"column":76}}],"line":93},"30":{"loc":{"start":{"line":95,"column":23},"end":{"line":95,"column":91}},"type":"cond-expr","locations":[{"start":{"line":95,"column":49},"end":{"line":95,"column":76}},{"start":{"line":95,"column":79},"end":{"line":95,"column":91}}],"line":95},"31":{"loc":{"start":{"line":97,"column":29},"end":{"line":97,"column":105}},"type":"cond-expr","locations":[{"start":{"line":97,"column":55},"end":{"line":97,"column":84}},{"start":{"line":97,"column":87},"end":{"line":97,"column":105}}],"line":97},"32":{"loc":{"start":{"line":98,"column":25},"end":{"line":100,"column":43}},"type":"cond-expr","locations":[{"start":{"line":99,"column":10},"end":{"line":99,"column":121}},{"start":{"line":100,"column":10},"end":{"line":100,"column":43}}],"line":98},"33":{"loc":{"start":{"line":101,"column":4},"end":{"line":106,"column":156}},"type":"if","locations":[{"start":{"line":101,"column":4},"end":{"line":106,"column":156}},{"start":{},"end":{}}],"line":101},"34":{"loc":{"start":{"line":101,"column":8},"end":{"line":101,"column":46}},"type":"binary-expr","locations":[{"start":{"line":101,"column":8},"end":{"line":101,"column":16}},{"start":{"line":101,"column":20},"end":{"line":101,"column":46}}],"line":101},"35":{"loc":{"start":{"line":117,"column":23},"end":{"line":117,"column":31}},"type":"default-arg","locations":[{"start":{"line":117,"column":29},"end":{"line":117,"column":31}}],"line":117},"36":{"loc":{"start":{"line":117,"column":33},"end":{"line":117,"column":47}},"type":"default-arg","locations":[{"start":{"line":117,"column":42},"end":{"line":117,"column":47}}],"line":117},"37":{"loc":{"start":{"line":117,"column":61},"end":{"line":117,"column":75}},"type":"default-arg","locations":[{"start":{"line":117,"column":73},"end":{"line":117,"column":75}}],"line":117},"38":{"loc":{"start":{"line":118,"column":4},"end":{"line":169,"column":5}},"type":"if","locations":[{"start":{"line":118,"column":4},"end":{"line":169,"column":5}},{"start":{"line":128,"column":9},"end":{"line":169,"column":5}}],"line":118},"39":{"loc":{"start":{"line":119,"column":8},"end":{"line":120,"column":24}},"type":"if","locations":[{"start":{"line":119,"column":8},"end":{"line":120,"column":24}},{"start":{},"end":{}}],"line":119},"40":{"loc":{"start":{"line":125,"column":36},"end":{"line":125,"column":186}},"type":"cond-expr","locations":[{"start":{"line":125,"column":46},"end":{"line":125,"column":146}},{"start":{"line":125,"column":149},"end":{"line":125,"column":186}}],"line":125},"41":{"loc":{"start":{"line":126,"column":22},"end":{"line":126,"column":33}},"type":"cond-expr","locations":[{"start":{"line":126,"column":28},"end":{"line":126,"column":29}},{"start":{"line":126,"column":32},"end":{"line":126,"column":33}}],"line":126},"42":{"loc":{"start":{"line":128,"column":9},"end":{"line":169,"column":5}},"type":"if","locations":[{"start":{"line":128,"column":9},"end":{"line":169,"column":5}},{"start":{},"end":{}}],"line":128},"43":{"loc":{"start":{"line":128,"column":13},"end":{"line":128,"column":47}},"type":"binary-expr","locations":[{"start":{"line":128,"column":13},"end":{"line":128,"column":18}},{"start":{"line":128,"column":22},"end":{"line":128,"column":47}}],"line":128},"44":{"loc":{"start":{"line":129,"column":8},"end":{"line":134,"column":69}},"type":"if","locations":[{"start":{"line":129,"column":8},"end":{"line":134,"column":69}},{"start":{},"end":{}}],"line":129},"45":{"loc":{"start":{"line":129,"column":12},"end":{"line":133,"column":37}},"type":"binary-expr","locations":[{"start":{"line":129,"column":12},"end":{"line":129,"column":33}},{"start":{"line":130,"column":12},"end":{"line":130,"column":35}},{"start":{"line":131,"column":12},"end":{"line":131,"column":37}},{"start":{"line":132,"column":12},"end":{"line":132,"column":40}},{"start":{"line":133,"column":12},"end":{"line":133,"column":37}}],"line":129},"46":{"loc":{"start":{"line":135,"column":8},"end":{"line":141,"column":9}},"type":"if","locations":[{"start":{"line":135,"column":8},"end":{"line":141,"column":9}},{"start":{},"end":{}}],"line":135},"47":{"loc":{"start":{"line":140,"column":25},"end":{"line":140,"column":36}},"type":"cond-expr","locations":[{"start":{"line":140,"column":31},"end":{"line":140,"column":32}},{"start":{"line":140,"column":35},"end":{"line":140,"column":36}}],"line":140},"48":{"loc":{"start":{"line":142,"column":8},"end":{"line":156,"column":9}},"type":"if","locations":[{"start":{"line":142,"column":8},"end":{"line":156,"column":9}},{"start":{},"end":{}}],"line":142},"49":{"loc":{"start":{"line":147,"column":24},"end":{"line":148,"column":44}},"type":"if","locations":[{"start":{"line":147,"column":24},"end":{"line":148,"column":44}},{"start":{},"end":{}}],"line":147},"50":{"loc":{"start":{"line":149,"column":24},"end":{"line":152,"column":25}},"type":"if","locations":[{"start":{"line":149,"column":24},"end":{"line":152,"column":25}},{"start":{},"end":{}}],"line":149},"51":{"loc":{"start":{"line":155,"column":25},"end":{"line":155,"column":36}},"type":"cond-expr","locations":[{"start":{"line":155,"column":31},"end":{"line":155,"column":32}},{"start":{"line":155,"column":35},"end":{"line":155,"column":36}}],"line":155},"52":{"loc":{"start":{"line":157,"column":8},"end":{"line":163,"column":9}},"type":"if","locations":[{"start":{"line":157,"column":8},"end":{"line":163,"column":9}},{"start":{},"end":{}}],"line":157},"53":{"loc":{"start":{"line":157,"column":12},"end":{"line":157,"column":61}},"type":"binary-expr","locations":[{"start":{"line":157,"column":12},"end":{"line":157,"column":29}},{"start":{"line":157,"column":33},"end":{"line":157,"column":61}}],"line":157},"54":{"loc":{"start":{"line":162,"column":119},"end":{"line":162,"column":130}},"type":"cond-expr","locations":[{"start":{"line":162,"column":125},"end":{"line":162,"column":126}},{"start":{"line":162,"column":129},"end":{"line":162,"column":130}}],"line":162},"55":{"loc":{"start":{"line":165,"column":8},"end":{"line":166,"column":47}},"type":"if","locations":[{"start":{"line":165,"column":8},"end":{"line":166,"column":47}},{"start":{},"end":{}}],"line":165},"56":{"loc":{"start":{"line":168,"column":117},"end":{"line":168,"column":128}},"type":"cond-expr","locations":[{"start":{"line":168,"column":123},"end":{"line":168,"column":124}},{"start":{"line":168,"column":127},"end":{"line":168,"column":128}}],"line":168}},"s":{"0":1,"1":1,"2":1,"3":1,"4":1,"5":1,"6":689,"7":1,"8":455,"9":383,"10":72,"11":1,"12":65,"13":61,"14":4,"15":0,"16":4,"17":2,"18":1,"19":1,"20":2,"21":1,"22":617,"23":349,"24":268,"25":42,"26":42,"27":1,"28":41,"29":37,"30":65,"31":3,"32":34,"33":226,"34":226,"35":11,"36":215,"37":215,"38":215,"39":1,"40":214,"41":133,"42":195,"43":0,"44":195,"45":117,"46":16,"47":85,"48":1,"49":521,"50":1,"51":736,"52":736,"53":587,"54":149,"55":149,"56":149,"57":465,"58":465,"59":465,"60":149,"61":1,"62":408,"63":320,"64":320,"65":320,"66":320,"67":642,"68":642,"69":642,"70":11,"71":11,"72":631,"73":631,"74":320,"75":320,"76":88,"77":1,"78":529,"79":529,"80":529,"81":529,"82":529,"83":529,"84":529,"85":529,"86":5,"87":529,"88":1,"89":258,"90":14,"91":1,"92":13,"93":86,"94":86,"95":86,"96":86,"97":244,"98":236,"99":10,"100":226,"101":5,"102":5,"103":21,"104":21,"105":221,"106":3,"107":3,"108":3,"109":1,"110":2,"111":1,"112":1,"113":1,"114":218,"115":2,"116":2,"117":2,"118":2,"119":2,"120":2,"121":216,"122":216,"123":0,"124":216,"125":508,"126":508,"127":8,"128":1,"129":1,"130":0,"131":1},"f":{"0":689,"1":455,"2":65,"3":617,"4":521,"5":736,"6":408,"7":529,"8":258,"9":86,"10":86,"11":5,"12":21,"13":21,"14":3,"15":2,"16":508,"17":508,"18":0},"b":{"0":[689,335],"1":[383,72],"2":[61,4],"3":[0,4],"4":[2,2],"5":[4,4,4],"6":[1,1],"7":[2,2],"8":[1,1],"9":[349,268],"10":[42,226],"11":[1,41],"12":[37,4],"13":[3,62],"14":[226,0],"15":[226,226],"16":[11,215],"17":[226,226],"18":[1,214],"19":[133,81],"20":[0,195],"21":[117,78],"22":[587,149],"23":[316,149],"24":[320,88],"25":[11,631],"26":[642,12],"27":[320,311],"28":[521,8],"29":[14,515],"30":[1,528],"31":[1,528],"32":[356,173],"33":[5,524],"34":[529,173],"35":[37],"36":[38],"37":[257],"38":[14,244],"39":[1,13],"40":[44,42],"41":[7,6],"42":[236,8],"43":[244,241],"44":[10,226],"45":[236,235,234,227,226],"46":[5,221],"47":[3,2],"48":[3,218],"49":[1,2],"50":[1,1],"51":[2,1],"52":[2,216],"53":[218,218],"54":[1,1],"55":[0,216],"56":[200,16]},"_coverageSchema":"1a1c01bbd47fc00a2c39e90264f33305004495a9","hash":"7045553173fa39fa538a76f2a5cadbaf70260e1b"}
,"/home/runner/work/pojo-dump/pojo-dump/src/util.ts": {"path":"/home/runner/work/pojo-dump/pojo-dump/src/util.ts","statementMap":{"0":{"start":{"line":2,"column":0},"end":{"line":2,"column":62}},"1":{"start":{"line":3,"column":0},"end":{"line":3,"column":21}},"2":{"start":{"line":5,"column":12},"end":{"line":5,"column":26}},"3":{"start":{"line":5,"column":22},"end":{"line":5,"column":26}},"4":{"start":{"line":6,"column":0},"end":{"line":6,"column":18}}},"fnMap":{"0":{"name":"(anonymous_0)","decl":{"start":{"line":5,"column":12},"end":{"line":5,"column":13}},"loc":{"start":{"line":5,"column":22},"end":{"line":5,"column":26}},"line":5}},"branchMap":{},"s":{"0":2,"1":2,"2":2,"3":1899,"4":2},"f":{"0":1899},"b":{},"_coverageSchema":"1a1c01bbd47fc00a2c39e90264f33305004495a9","hash":"28a5c34fe9019e9b064180eedc2f8de2ff6ebe11"}
}
