TN:
SF:src/toLLM.ts
FN:16,(anonymous_0)
FN:23,(anonymous_1)
FN:36,(anonymous_2)
FN:48,(anonymous_3)
FN:71,(anonymous_4)
FN:85,(anonymous_5)
FN:104,(anonymous_6)
FNF:7
FNH:7
FNDA:42544,(anonymous_0)
FNDA:16888,(anonymous_1)
FNDA:68025,(anonymous_2)
FNDA:258087,(anonymous_3)
FNDA:128303,(anonymous_4)
FNDA:129429,(anonymous_5)
FNDA:355,(anonymous_6)
DA:14,2
DA:15,2
DA:16,2
DA:17,42544
DA:18,0
DA:19,42544
DA:20,23189
DA:21,0
DA:22,23189
DA:23,16888
DA:25,13444
DA:27,19355
DA:28,0
DA:29,19355
DA:30,19355
DA:31,0
DA:36,19355
DA:37,68025
DA:38,68025
DA:40,19355
DA:41,12034
DA:42,7321
DA:43,3562
DA:44,3759
DA:45,3753
DA:46,6
DA:48,2
DA:49,258087
DA:50,11293
DA:51,246794
DA:52,21006
DA:53,225788
DA:54,96729
DA:55,129059
DA:56,78822
DA:57,50237
DA:58,1
DA:59,50236
DA:60,1
DA:61,50235
DA:62,1
DA:63,50234
DA:64,1
DA:65,50233
DA:66,27603
DA:67,4414
DA:68,23189
DA:69,7085
DA:70,16104
DA:71,128303
DA:72,16104
DA:74,22630
DA:75,1
DA:76,22629
DA:77,1
DA:78,22628
DA:79,22628
DA:80,22628
DA:81,3273
DA:82,19355
DA:83,4665
DA:84,14690
DA:85,14690
DA:86,129429
DA:87,129429
DA:88,129429
DA:90,14690
DA:92,0
DA:104,355
DA:105,2
LF:70
LH:65
BRDA:16,0,0,0
BRDA:17,1,0,0
BRDA:17,1,1,42544
BRDA:17,2,0,42544
BRDA:17,2,1,42544
BRDA:19,3,0,23189
BRDA:19,3,1,19355
BRDA:20,4,0,0
BRDA:20,4,1,23189
BRDA:22,5,0,9745
BRDA:22,5,1,13444
BRDA:23,6,0,16888
BRDA:23,6,1,3267
BRDA:27,7,0,0
BRDA:27,7,1,19355
BRDA:27,8,0,19355
BRDA:27,8,1,19355
BRDA:30,9,0,0
BRDA:30,9,1,19355
BRDA:38,10,0,68025
BRDA:38,10,1,15505
BRDA:40,11,0,12034
BRDA:40,11,1,7321
BRDA:42,12,0,3562
BRDA:42,12,1,3759
BRDA:44,13,0,3753
BRDA:44,13,1,6
BRDA:48,14,0,0
BRDA:49,15,0,11293
BRDA:49,15,1,246794
BRDA:51,16,0,21006
BRDA:51,16,1,225788
BRDA:53,17,0,96729
BRDA:53,17,1,129059
BRDA:55,18,0,78822
BRDA:55,18,1,50237
BRDA:57,19,0,1
BRDA:57,19,1,50236
BRDA:59,20,0,1
BRDA:59,20,1,50235
BRDA:61,21,0,1
BRDA:61,21,1,50234
BRDA:63,22,0,1
BRDA:63,22,1,50233
BRDA:65,23,0,27603
BRDA:65,23,1,22630
BRDA:66,24,0,4414
BRDA:66,24,1,23189
BRDA:68,25,0,7085
BRDA:68,25,1,16104
BRDA:72,26,0,15431
BRDA:72,26,1,673
BRDA:74,27,0,1
BRDA:74,27,1,22629
BRDA:76,28,0,1
BRDA:76,28,1,22628
BRDA:78,29,0,22628
BRDA:78,29,1,0
BRDA:78,30,0,22628
BRDA:78,30,1,22628
BRDA:80,31,0,3273
BRDA:80,31,1,19355
BRDA:82,32,0,4665
BRDA:82,32,1,14690
BRDA:90,33,0,14222
BRDA:90,33,1,468
BRF:66
BRH:59
end_of_record
TN:
SF:src/toLine.ts
FN:5,(anonymous_0)
FN:10,(anonymous_1)
FN:16,(anonymous_2)
FN:43,(anonymous_3)
FN:57,(anonymous_4)
FN:73,(anonymous_5)
FNF:6
FNH:6
FNDA:11,(anonymous_0)
FNDA:79,(anonymous_1)
FNDA:857,(anonymous_2)
FNDA:1016,(anonymous_3)
FNDA:73,(anonymous_4)
FNDA:19,(anonymous_5)
DA:2,2
DA:3,2
DA:4,2
DA:5,11
DA:10,79
DA:16,2
DA:17,857
DA:19,5
DA:21,2
DA:23,6
DA:25,5
DA:27,839
DA:30,41
DA:33,41
DA:34,3
DA:35,38
DA:38,719
DA:39,1
DA:40,718
DA:41,718
DA:44,1016
DA:45,6
DA:46,1010
DA:47,283
DA:48,727
DA:49,4
DA:50,723
DA:55,71
DA:56,37
DA:57,73
DA:59,34
DA:60,1
DA:61,33
DA:62,9
DA:63,24
DA:64,1
DA:65,23
DA:66,2
DA:67,21
DA:68,3
DA:69,18
DA:70,18
DA:71,1
DA:72,17
DA:73,19
DA:77,6
DA:80,2
DA:83,0
DA:85,2
LF:49
LH:48
BRDA:6,0,0,8
BRDA:6,0,1,3
BRDA:16,1,0,765
BRDA:17,2,0,5
BRDA:17,2,1,2
BRDA:17,2,2,6
BRDA:17,2,3,5
BRDA:27,3,0,40
BRDA:27,3,1,41
BRDA:27,3,2,719
BRDA:27,3,3,71
BRDA:27,3,4,6
BRDA:27,3,5,2
BRDA:30,4,0,6
BRDA:30,4,1,35
BRDA:30,5,0,41
BRDA:30,5,1,40
BRDA:32,6,0,1
BRDA:32,6,1,34
BRDA:33,7,0,3
BRDA:33,7,1,38
BRDA:33,8,0,41
BRDA:33,8,1,4
BRDA:38,9,0,1
BRDA:38,9,1,718
BRDA:44,10,0,6
BRDA:44,10,1,1010
BRDA:46,11,0,283
BRDA:46,11,1,727
BRDA:48,12,0,4
BRDA:48,12,1,723
BRDA:48,13,0,727
BRDA:48,13,1,10
BRDA:55,14,0,37
BRDA:55,14,1,34
BRDA:56,15,0,36
BRDA:56,15,1,1
BRDA:59,16,0,1
BRDA:59,16,1,33
BRDA:61,17,0,9
BRDA:61,17,1,24
BRDA:63,18,0,1
BRDA:63,18,1,23
BRDA:65,19,0,2
BRDA:65,19,1,21
BRDA:67,20,0,3
BRDA:67,20,1,18
BRDA:70,21,0,1
BRDA:70,21,1,17
BRF:49
BRH:49
end_of_record
TN:
SF:src/toTree.ts
FN:8,(anonymous_0)
FN:9,(anonymous_1)
FN:14,(anonymous_2)
FN:26,(anonymous_3)
FN:59,(anonymous_4)
FN:60,(anonymous_5)
FN:73,(anonymous_6)
FN:92,(anonymous_7)
FN:110,(anonymous_8)
FN:115,(anonymous_9)
FN:115,(anonymous_10)
FN:131,(anonymous_11)
FN:132,(anonymous_12)
FN:132,(anonymous_13)
FN:138,(anonymous_14)
FN:155,(anonymous_15)
FN:161,(anonymous_16)
FN:161,(anonymous_17)
FN:166,(anonymous_18)
FNF:19
FNH:18
FNDA:686,(anonymous_0)
FNDA:455,(anonymous_1)
FNDA:65,(anonymous_2)
FNDA:614,(anonymous_3)
FNDA:521,(anonymous_4)
FNDA:733,(anonymous_5)
FNDA:405,(anonymous_6)
FNDA:529,(anonymous_7)
FNDA:257,(anonymous_8)
FNDA:83,(anonymous_9)
FNDA:83,(anonymous_10)
FNDA:5,(anonymous_11)
FNDA:21,(anonymous_12)
FNDA:21,(anonymous_13)
FNDA:3,(anonymous_14)
FNDA:2,(anonymous_15)
FNDA:508,(anonymous_16)
FNDA:508,(anonymous_17)
FNDA:0,(anonymous_18)
DA:2,1
DA:3,1
DA:4,1
DA:5,1
DA:6,1
DA:7,1
DA:8,686
DA:9,1
DA:10,455
DA:11,383
DA:12,72
DA:14,1
DA:15,65
DA:16,61
DA:17,4
DA:18,0
DA:19,4
DA:20,2
DA:21,1
DA:22,1
DA:24,2
DA:26,1
DA:27,614
DA:28,346
DA:29,268
DA:30,42
DA:31,42
DA:32,1
DA:33,41
DA:34,37
DA:35,65
DA:36,3
DA:37,34
DA:40,226
DA:41,226
DA:42,11
DA:43,215
DA:44,215
DA:45,215
DA:46,1
DA:47,214
DA:48,133
DA:49,195
DA:50,0
DA:51,195
DA:52,117
DA:54,16
DA:57,85
DA:59,521
DA:60,1
DA:61,733
DA:62,733
DA:63,585
DA:64,148
DA:65,148
DA:66,148
DA:67,462
DA:68,462
DA:69,462
DA:71,148
DA:73,1
DA:74,405
DA:75,318
DA:76,318
DA:77,318
DA:78,640
DA:79,640
DA:80,640
DA:81,11
DA:82,11
DA:84,629
DA:85,629
DA:87,318
DA:88,318
DA:90,87
DA:92,1
DA:93,529
DA:94,529
DA:95,529
DA:96,529
DA:97,529
DA:98,529
DA:99,529
DA:102,529
DA:103,5
DA:108,529
DA:110,1
DA:111,257
DA:112,13
DA:113,1
DA:114,12
DA:115,83
DA:116,83
DA:117,83
DA:118,83
DA:121,244
DA:122,236
DA:127,10
DA:128,226
DA:129,5
DA:131,5
DA:132,21
DA:135,221
DA:136,3
DA:139,3
DA:140,3
DA:141,1
DA:142,2
DA:143,1
DA:144,1
DA:146,1
DA:150,218
DA:151,2
DA:152,2
DA:153,2
DA:154,2
DA:155,2
DA:157,216
DA:158,216
DA:159,0
DA:160,216
DA:161,508
DA:163,8
DA:165,1
DA:166,1
DA:167,1
LF:126
LH:123
BRDA:8,0,0,686
BRDA:8,0,1,335
BRDA:10,1,0,383
BRDA:10,1,1,72
BRDA:15,2,0,61
BRDA:15,2,1,4
BRDA:17,3,0,0
BRDA:17,3,1,4
BRDA:19,4,0,2
BRDA:19,4,1,2
BRDA:19,5,0,4
BRDA:19,5,1,4
BRDA:19,5,2,4
BRDA:20,6,0,1
BRDA:20,6,1,1
BRDA:20,7,0,2
BRDA:20,7,1,2
BRDA:22,8,0,1
BRDA:22,8,1,1
BRDA:27,9,0,346
BRDA:27,9,1,268
BRDA:29,10,0,42
BRDA:29,10,1,226
BRDA:31,11,0,1
BRDA:31,11,1,41
BRDA:33,12,0,37
BRDA:33,12,1,4
BRDA:35,13,0,3
BRDA:35,13,1,62
BRDA:40,14,0,226
BRDA:40,14,1,0
BRDA:40,15,0,226
BRDA:40,15,1,226
BRDA:41,16,0,11
BRDA:41,16,1,215
BRDA:41,17,0,226
BRDA:41,17,1,226
BRDA:45,18,0,1
BRDA:45,18,1,214
BRDA:47,19,0,133
BRDA:47,19,1,81
BRDA:49,20,0,0
BRDA:49,20,1,195
BRDA:51,21,0,117
BRDA:51,21,1,78
BRDA:62,22,0,585
BRDA:62,22,1,148
BRDA:68,23,0,314
BRDA:68,23,1,148
BRDA:74,24,0,318
BRDA:74,24,1,87
BRDA:80,25,0,11
BRDA:80,25,1,629
BRDA:80,26,0,640
BRDA:80,26,1,12
BRDA:85,27,0,318
BRDA:85,27,1,311
BRDA:93,28,0,521
BRDA:93,28,1,8
BRDA:94,29,0,14
BRDA:94,29,1,515
BRDA:96,30,0,1
BRDA:96,30,1,528
BRDA:98,31,0,1
BRDA:98,31,1,528
BRDA:99,32,0,356
BRDA:99,32,1,173
BRDA:102,33,0,5
BRDA:102,33,1,524
BRDA:102,34,0,529
BRDA:102,34,1,173
BRDA:110,35,0,37
BRDA:110,36,0,37
BRDA:111,37,0,13
BRDA:111,37,1,244
BRDA:112,38,0,1
BRDA:112,38,1,12
BRDA:118,39,0,41
BRDA:118,39,1,42
BRDA:119,40,0,7
BRDA:119,40,1,5
BRDA:121,41,0,236
BRDA:121,41,1,8
BRDA:121,42,0,244
BRDA:121,42,1,241
BRDA:122,43,0,10
BRDA:122,43,1,226
BRDA:122,44,0,236
BRDA:122,44,1,235
BRDA:122,44,2,234
BRDA:122,44,3,227
BRDA:122,44,4,226
BRDA:128,45,0,5
BRDA:128,45,1,221
BRDA:133,46,0,3
BRDA:133,46,1,2
BRDA:135,47,0,3
BRDA:135,47,1,218
BRDA:140,48,0,1
BRDA:140,48,1,2
BRDA:142,49,0,1
BRDA:142,49,1,1
BRDA:148,50,0,2
BRDA:148,50,1,1
BRDA:150,51,0,2
BRDA:150,51,1,216
BRDA:150,52,0,218
BRDA:150,52,1,218
BRDA:155,53,0,1
BRDA:155,53,1,1
BRDA:158,54,0,0
BRDA:158,54,1,216
BRDA:161,55,0,200
BRDA:161,55,1,16
BRF:114
BRH:110
end_of_record
TN:
SF:src/util.ts
FN:5,(anonymous_0)
FNF:1
FNH:1
FNDA:1892,(anonymous_0)
DA:2,2
DA:3,2
DA:5,1892
DA:6,2
LF:4
LH:4
BRF:0
BRH:0
end_of_record
