TN:
SF:src/toLLM.ts
FN:16,(anonymous_0)
FN:23,(anonymous_1)
FN:36,(anonymous_2)
FN:48,(anonymous_3)
FN:71,(anonymous_4)
FN:85,(anonymous_5)
FN:104,(anonymous_6)
FNF:7
FNH:7
FNDA:45671,(anonymous_0)
FNDA:16133,(anonymous_1)
FNDA:68302,(anonymous_2)
FNDA:257545,(anonymous_3)
FNDA:142112,(anonymous_4)
FNDA:115078,(anonymous_5)
FNDA:355,(anonymous_6)
DA:14,2
DA:15,2
DA:16,2
DA:17,45671
DA:18,0
DA:19,45671
DA:20,24522
DA:21,0
DA:22,24522
DA:23,16133
DA:25,14867
DA:27,21149
DA:28,0
DA:29,21149
DA:30,21149
DA:31,0
DA:36,21149
DA:37,68302
DA:38,68302
DA:40,21149
DA:41,12252
DA:42,8897
DA:43,4181
DA:44,4716
DA:45,4710
DA:46,6
DA:48,2
DA:49,257545
DA:50,8953
DA:51,248592
DA:52,20656
DA:53,227936
DA:54,96571
DA:55,131365
DA:56,77386
DA:57,53979
DA:58,1
DA:59,53978
DA:60,1
DA:61,53977
DA:62,1
DA:63,53976
DA:64,1
DA:65,53975
DA:66,28986
DA:67,4464
DA:68,24522
DA:69,6472
DA:70,18050
DA:71,142112
DA:72,18050
DA:74,24989
DA:75,1
DA:76,24988
DA:77,1
DA:78,24987
DA:79,24987
DA:80,24987
DA:81,3838
DA:82,21149
DA:83,5581
DA:84,15568
DA:85,15568
DA:86,115078
DA:87,115078
DA:88,115078
DA:90,15568
DA:92,0
DA:104,355
DA:105,2
LF:70
LH:65
BRDA:16,0,0,0
BRDA:17,1,0,0
BRDA:17,1,1,45671
BRDA:17,2,0,45671
BRDA:17,2,1,45671
BRDA:19,3,0,24522
BRDA:19,3,1,21149
BRDA:20,4,0,0
BRDA:20,4,1,24522
BRDA:22,5,0,9655
BRDA:22,5,1,14867
BRDA:23,6,0,16133
BRDA:23,6,1,3792
BRDA:27,7,0,0
BRDA:27,7,1,21149
BRDA:27,8,0,21149
BRDA:27,8,1,21149
BRDA:30,9,0,0
BRDA:30,9,1,21149
BRDA:38,10,0,68302
BRDA:38,10,1,13897
BRDA:40,11,0,12252
BRDA:40,11,1,8897
BRDA:42,12,0,4181
BRDA:42,12,1,4716
BRDA:44,13,0,4710
BRDA:44,13,1,6
BRDA:48,14,0,0
BRDA:49,15,0,8953
BRDA:49,15,1,248592
BRDA:51,16,0,20656
BRDA:51,16,1,227936
BRDA:53,17,0,96571
BRDA:53,17,1,131365
BRDA:55,18,0,77386
BRDA:55,18,1,53979
BRDA:57,19,0,1
BRDA:57,19,1,53978
BRDA:59,20,0,1
BRDA:59,20,1,53977
BRDA:61,21,0,1
BRDA:61,21,1,53976
BRDA:63,22,0,1
BRDA:63,22,1,53975
BRDA:65,23,0,28986
BRDA:65,23,1,24989
BRDA:66,24,0,4464
BRDA:66,24,1,24522
BRDA:68,25,0,6472
BRDA:68,25,1,18050
BRDA:72,26,0,17153
BRDA:72,26,1,897
BRDA:74,27,0,1
BRDA:74,27,1,24988
BRDA:76,28,0,1
BRDA:76,28,1,24987
BRDA:78,29,0,24987
BRDA:78,29,1,0
BRDA:78,30,0,24987
BRDA:78,30,1,24987
BRDA:80,31,0,3838
BRDA:80,31,1,21149
BRDA:82,32,0,5581
BRDA:82,32,1,15568
BRDA:90,33,0,14927
BRDA:90,33,1,641
BRF:66
BRH:59
end_of_record
TN:
SF:src/toLine.ts
FN:5,(anonymous_0)
FN:10,(anonymous_1)
FN:16,(anonymous_2)
FN:43,(anonymous_3)
FN:57,(anonymous_4)
FN:73,(anonymous_5)
FNF:6
FNH:6
FNDA:11,(anonymous_0)
FNDA:79,(anonymous_1)
FNDA:860,(anonymous_2)
FNDA:1018,(anonymous_3)
FNDA:73,(anonymous_4)
FNDA:19,(anonymous_5)
DA:2,2
DA:3,2
DA:4,2
DA:5,11
DA:10,79
DA:16,2
DA:17,860
DA:19,5
DA:21,2
DA:23,6
DA:25,5
DA:27,842
DA:30,42
DA:33,42
DA:34,3
DA:35,39
DA:38,721
DA:39,1
DA:40,720
DA:41,720
DA:44,1018
DA:45,6
DA:46,1012
DA:47,283
DA:48,729
DA:49,4
DA:50,725
DA:55,71
DA:56,37
DA:57,73
DA:59,34
DA:60,1
DA:61,33
DA:62,9
DA:63,24
DA:64,1
DA:65,23
DA:66,2
DA:67,21
DA:68,3
DA:69,18
DA:70,18
DA:71,1
DA:72,17
DA:73,19
DA:77,6
DA:80,2
DA:83,0
DA:85,2
LF:49
LH:48
BRDA:6,0,0,8
BRDA:6,0,1,3
BRDA:16,1,0,768
BRDA:17,2,0,5
BRDA:17,2,1,2
BRDA:17,2,2,6
BRDA:17,2,3,5
BRDA:27,3,0,41
BRDA:27,3,1,42
BRDA:27,3,2,721
BRDA:27,3,3,71
BRDA:27,3,4,6
BRDA:27,3,5,2
BRDA:30,4,0,6
BRDA:30,4,1,36
BRDA:30,5,0,42
BRDA:30,5,1,41
BRDA:32,6,0,1
BRDA:32,6,1,35
BRDA:33,7,0,3
BRDA:33,7,1,39
BRDA:33,8,0,42
BRDA:33,8,1,4
BRDA:38,9,0,1
BRDA:38,9,1,720
BRDA:44,10,0,6
BRDA:44,10,1,1012
BRDA:46,11,0,283
BRDA:46,11,1,729
BRDA:48,12,0,4
BRDA:48,12,1,725
BRDA:48,13,0,729
BRDA:48,13,1,10
BRDA:55,14,0,37
BRDA:55,14,1,34
BRDA:56,15,0,36
BRDA:56,15,1,1
BRDA:59,16,0,1
BRDA:59,16,1,33
BRDA:61,17,0,9
BRDA:61,17,1,24
BRDA:63,18,0,1
BRDA:63,18,1,23
BRDA:65,19,0,2
BRDA:65,19,1,21
BRDA:67,20,0,3
BRDA:67,20,1,18
BRDA:70,21,0,1
BRDA:70,21,1,17
BRF:49
BRH:49
end_of_record
TN:
SF:src/toTree.ts
FN:7,(anonymous_0)
FN:8,(anonymous_1)
FN:13,(anonymous_2)
FN:25,(anonymous_3)
FN:58,(anonymous_4)
FN:59,(anonymous_5)
FN:72,(anonymous_6)
FN:91,(anonymous_7)
FN:117,(anonymous_8)
FN:122,(anonymous_9)
FN:122,(anonymous_10)
FN:138,(anonymous_11)
FN:139,(anonymous_12)
FN:139,(anonymous_13)
FN:145,(anonymous_14)
FN:162,(anonymous_15)
FN:168,(anonymous_16)
FN:168,(anonymous_17)
FN:173,(anonymous_18)
FNF:19
FNH:18
FNDA:689,(anonymous_0)
FNDA:455,(anonymous_1)
FNDA:65,(anonymous_2)
FNDA:617,(anonymous_3)
FNDA:521,(anonymous_4)
FNDA:736,(anonymous_5)
FNDA:408,(anonymous_6)
FNDA:529,(anonymous_7)
FNDA:258,(anonymous_8)
FNDA:86,(anonymous_9)
FNDA:86,(anonymous_10)
FNDA:5,(anonymous_11)
FNDA:21,(anonymous_12)
FNDA:21,(anonymous_13)
FNDA:3,(anonymous_14)
FNDA:2,(anonymous_15)
FNDA:508,(anonymous_16)
FNDA:508,(anonymous_17)
FNDA:0,(anonymous_18)
DA:2,1
DA:3,1
DA:4,1
DA:5,1
DA:6,1
DA:7,689
DA:8,1
DA:9,455
DA:10,383
DA:11,72
DA:13,1
DA:14,65
DA:15,61
DA:16,4
DA:17,0
DA:18,4
DA:19,2
DA:20,1
DA:21,1
DA:23,2
DA:25,1
DA:26,617
DA:27,349
DA:28,268
DA:29,42
DA:30,42
DA:31,1
DA:32,41
DA:33,37
DA:34,65
DA:35,3
DA:36,34
DA:39,226
DA:40,226
DA:41,11
DA:42,215
DA:43,215
DA:44,215
DA:45,1
DA:46,214
DA:47,133
DA:48,195
DA:49,0
DA:50,195
DA:51,117
DA:53,16
DA:56,85
DA:58,521
DA:59,1
DA:60,736
DA:61,736
DA:62,587
DA:63,149
DA:64,149
DA:65,149
DA:66,465
DA:67,465
DA:68,465
DA:70,149
DA:72,1
DA:73,408
DA:74,320
DA:75,320
DA:76,320
DA:77,642
DA:78,642
DA:79,642
DA:80,11
DA:81,11
DA:83,631
DA:84,631
DA:86,320
DA:87,320
DA:89,88
DA:91,1
DA:92,529
DA:93,529
DA:94,529
DA:95,529
DA:96,529
DA:97,529
DA:98,529
DA:101,529
DA:102,5
DA:107,529
DA:117,1
DA:118,258
DA:119,14
DA:120,1
DA:121,13
DA:122,86
DA:123,86
DA:124,86
DA:125,86
DA:128,244
DA:129,236
DA:134,10
DA:135,226
DA:136,5
DA:138,5
DA:139,21
DA:142,221
DA:143,3
DA:146,3
DA:147,3
DA:148,1
DA:149,2
DA:150,1
DA:151,1
DA:153,1
DA:157,218
DA:158,2
DA:159,2
DA:160,2
DA:161,2
DA:162,2
DA:164,216
DA:165,216
DA:166,0
DA:167,216
DA:168,508
DA:170,8
DA:172,1
DA:173,1
DA:174,1
LF:125
LH:122
BRDA:7,0,0,689
BRDA:7,0,1,335
BRDA:9,1,0,383
BRDA:9,1,1,72
BRDA:14,2,0,61
BRDA:14,2,1,4
BRDA:16,3,0,0
BRDA:16,3,1,4
BRDA:18,4,0,2
BRDA:18,4,1,2
BRDA:18,5,0,4
BRDA:18,5,1,4
BRDA:18,5,2,4
BRDA:19,6,0,1
BRDA:19,6,1,1
BRDA:19,7,0,2
BRDA:19,7,1,2
BRDA:21,8,0,1
BRDA:21,8,1,1
BRDA:26,9,0,349
BRDA:26,9,1,268
BRDA:28,10,0,42
BRDA:28,10,1,226
BRDA:30,11,0,1
BRDA:30,11,1,41
BRDA:32,12,0,37
BRDA:32,12,1,4
BRDA:34,13,0,3
BRDA:34,13,1,62
BRDA:39,14,0,226
BRDA:39,14,1,0
BRDA:39,15,0,226
BRDA:39,15,1,226
BRDA:40,16,0,11
BRDA:40,16,1,215
BRDA:40,17,0,226
BRDA:40,17,1,226
BRDA:44,18,0,1
BRDA:44,18,1,214
BRDA:46,19,0,133
BRDA:46,19,1,81
BRDA:48,20,0,0
BRDA:48,20,1,195
BRDA:50,21,0,117
BRDA:50,21,1,78
BRDA:61,22,0,587
BRDA:61,22,1,149
BRDA:67,23,0,316
BRDA:67,23,1,149
BRDA:73,24,0,320
BRDA:73,24,1,88
BRDA:79,25,0,11
BRDA:79,25,1,631
BRDA:79,26,0,642
BRDA:79,26,1,12
BRDA:84,27,0,320
BRDA:84,27,1,311
BRDA:92,28,0,521
BRDA:92,28,1,8
BRDA:93,29,0,14
BRDA:93,29,1,515
BRDA:95,30,0,1
BRDA:95,30,1,528
BRDA:97,31,0,1
BRDA:97,31,1,528
BRDA:98,32,0,356
BRDA:98,32,1,173
BRDA:101,33,0,5
BRDA:101,33,1,524
BRDA:101,34,0,529
BRDA:101,34,1,173
BRDA:117,35,0,37
BRDA:117,36,0,38
BRDA:117,37,0,257
BRDA:118,38,0,14
BRDA:118,38,1,244
BRDA:119,39,0,1
BRDA:119,39,1,13
BRDA:125,40,0,44
BRDA:125,40,1,42
BRDA:126,41,0,7
BRDA:126,41,1,6
BRDA:128,42,0,236
BRDA:128,42,1,8
BRDA:128,43,0,244
BRDA:128,43,1,241
BRDA:129,44,0,10
BRDA:129,44,1,226
BRDA:129,45,0,236
BRDA:129,45,1,235
BRDA:129,45,2,234
BRDA:129,45,3,227
BRDA:129,45,4,226
BRDA:135,46,0,5
BRDA:135,46,1,221
BRDA:140,47,0,3
BRDA:140,47,1,2
BRDA:142,48,0,3
BRDA:142,48,1,218
BRDA:147,49,0,1
BRDA:147,49,1,2
BRDA:149,50,0,1
BRDA:149,50,1,1
BRDA:155,51,0,2
BRDA:155,51,1,1
BRDA:157,52,0,2
BRDA:157,52,1,216
BRDA:157,53,0,218
BRDA:157,53,1,218
BRDA:162,54,0,1
BRDA:162,54,1,1
BRDA:165,55,0,0
BRDA:165,55,1,216
BRDA:168,56,0,200
BRDA:168,56,1,16
BRF:115
BRH:111
end_of_record
TN:
SF:src/util.ts
FN:5,(anonymous_0)
FNF:1
FNH:1
FNDA:1899,(anonymous_0)
DA:2,2
DA:3,2
DA:5,1899
DA:6,2
LF:4
LH:4
BRF:0
BRH:0
end_of_record
